2024-09-06 22:58:09,706	[INFO]	(client.py:162)_bot_login	[botpy] 登录机器人账号中...
2024-09-06 22:58:10,037	[INFO]	(robot.py:65)update_access_token	[botpy] access_token expires_in 61
2024-09-06 22:58:10,416	[ERROR]	(http.py:76)_handle_response	[botpy] 接口请求异常，请求连接: https://api.sgroup.qq.com/users/@me, 错误代码: 401, 返回内容: {'message': '接口访问源IP不在白名单', 'code': 11298, 'err_code': 40023002, 'trace_id': '4718444d1a75fcb56c82cc2f49b3bb5d'}, trace_id:4718444d1a75fcb56c82cc2f49b3bb5d
2024-09-06 22:59:29,110	[INFO]	(client.py:162)_bot_login	[botpy] 登录机器人账号中...
2024-09-06 22:59:29,426	[INFO]	(robot.py:65)update_access_token	[botpy] access_token expires_in 7200
2024-09-06 22:59:29,672	[ERROR]	(http.py:76)_handle_response	[botpy] 接口请求异常，请求连接: https://api.sgroup.qq.com/users/@me, 错误代码: 401, 返回内容: {'message': '接口访问源IP不在白名单', 'code': 11298, 'err_code': 40023002, 'trace_id': 'bff005ba9db83e5c85370e75e985b060'}, trace_id:bff005ba9db83e5c85370e75e985b060
2024-09-06 22:59:41,547	[INFO]	(client.py:162)_bot_login	[botpy] 登录机器人账号中...
2024-09-06 22:59:41,984	[INFO]	(robot.py:65)update_access_token	[botpy] access_token expires_in 7187
2024-09-06 22:59:43,657	[ERROR]	(http.py:76)_handle_response	[botpy] 接口请求异常，请求连接: https://api.sgroup.qq.com/users/@me, 错误代码: 401, 返回内容: {'message': '接口访问源IP不在白名单', 'code': 11298, 'err_code': 40023002, 'trace_id': 'cbf1b898a3809125da83755457a899e1'}, trace_id:cbf1b898a3809125da83755457a899e1
2024-09-06 23:00:33,917	[INFO]	(client.py:162)_bot_login	[botpy] 登录机器人账号中...
2024-09-06 23:00:34,082	[INFO]	(robot.py:65)update_access_token	[botpy] access_token expires_in 7135
2024-09-06 23:00:34,740	[INFO]	(client.py:181)_bot_init	[botpy] 程序启动...
2024-09-06 23:00:34,741	[INFO]	(connection.py:60)multi_run	[botpy] 最大并发连接数: 1, 启动会话数: 1
2024-09-06 23:00:34,741	[INFO]	(client.py:242)bot_connect	[botpy] 会话启动中...
2024-09-06 23:00:34,742	[INFO]	(gateway.py:115)ws_connect	[botpy] 启动中...
2024-09-06 23:00:34,870	[INFO]	(gateway.py:142)ws_identify	[botpy] 鉴权中...
2024-09-06 23:00:34,969	[INFO]	(gateway.py:85)on_message	[botpy] 机器人「NekoBot-测试中」启动成功！
2024-09-06 23:00:34,969	[INFO]	(gateway.py:223)_send_heart	[botpy] 心跳维持启动...
2024-09-06 23:00:34,970	[INFO]	(main.py:105)on_ready	「NekoBot-测试中」准备好了喵~
2024-09-06 23:01:24,860	[INFO]	(client.py:162)_bot_login	[botpy] 登录机器人账号中...
2024-09-06 23:01:25,267	[INFO]	(robot.py:65)update_access_token	[botpy] access_token expires_in 7084
2024-09-06 23:01:25,956	[INFO]	(client.py:181)_bot_init	[botpy] 程序启动...
2024-09-06 23:01:25,956	[INFO]	(connection.py:60)multi_run	[botpy] 最大并发连接数: 1, 启动会话数: 1
2024-09-06 23:01:25,957	[INFO]	(client.py:242)bot_connect	[botpy] 会话启动中...
2024-09-06 23:01:25,957	[INFO]	(gateway.py:115)ws_connect	[botpy] 启动中...
2024-09-06 23:01:26,126	[INFO]	(gateway.py:142)ws_identify	[botpy] 鉴权中...
2024-09-06 23:01:26,226	[INFO]	(gateway.py:85)on_message	[botpy] 机器人「NekoBot-测试中」启动成功！
2024-09-06 23:01:26,226	[INFO]	(gateway.py:223)_send_heart	[botpy] 心跳维持启动...
2024-09-06 23:01:26,227	[INFO]	(group.py:103)on_ready	「NekoBot-测试中」准备好了喵~
2024-09-06 23:04:30,349	[INFO]	(main.py:108)on_at_message_create	http://thirdqq.qlogo.cn/g?b=oidb&k=L4njje2YTb3W6EJqicgAn0g&kti=ZpG3PAAAAAA&s=0&t=1720636346
2024-09-06 23:04:32,661	[INFO]	(main.py:201)on_at_message_create	随缘
2024-09-06 23:04:56,444	[INFO]	(main.py:108)on_at_message_create	http://thirdqq.qlogo.cn/g?b=oidb&k=GDN9NcpPZy9PzN3sVtrDYA&kti=ZnZ8mQAAAAE&s=0&t=1719040456
2024-09-06 23:04:57,499	[INFO]	(main.py:201)on_at_message_create	Neko
2024-09-06 23:05:16,544	[INFO]	(main.py:108)on_at_message_create	http://thirdqq.qlogo.cn/g?b=oidb&k=GDN9NcpPZy9PzN3sVtrDYA&kti=ZnZ8mQAAAAE&s=0&t=1719040456
2024-09-06 23:05:18,462	[INFO]	(main.py:201)on_at_message_create	Neko
2024-09-06 23:05:20,569	[INFO]	(main.py:108)on_at_message_create	http://thirdqq.qlogo.cn/g?b=oidb&k=L4njje2YTb3W6EJqicgAn0g&kti=ZpG3PAAAAAA&s=0&t=1720636346
2024-09-06 23:05:21,728	[INFO]	(main.py:201)on_at_message_create	随缘
2024-09-06 23:05:42,675	[INFO]	(main.py:108)on_at_message_create	http://thirdqq.qlogo.cn/g?b=oidb&k=GDN9NcpPZy9PzN3sVtrDYA&kti=ZnZ8mQAAAAE&s=0&t=1719040456
2024-09-06 23:06:09,849	[INFO]	(main.py:108)on_at_message_create	http://thirdqq.qlogo.cn/g?b=oidb&k=GDN9NcpPZy9PzN3sVtrDYA&kti=ZnZ8mQAAAAE&s=0&t=1719040456
2024-09-06 23:09:04,774	[INFO]	(group.py:219)on_group_at_message_create	{'id': 'ROBOT1.0_I.p9l5CsN3t.a9xwxvue-xtcLz4m-0qrJE3wUHSKaOGdoV7HkYvXcNmVWorF8TsG36T3zrknaDc7n8ZrnX.HyQ!!', 'timestamp': '2024-09-06T23:09:06+08:00'}
2024-09-06 23:09:16,516	[INFO]	(group.py:219)on_group_at_message_create	{'id': 'ROBOT1.0_I.p9l5CsN3t.a9xwxvue-4HL0yx8gt347hZph-sjl8hNcHkTxkc34fnmPvgXUiZiTIABUX48Y6SfzNbezHNp7w!!', 'timestamp': '2024-09-06T23:09:18+08:00'}
2024-09-06 23:10:30,036	[INFO]	(group.py:219)on_group_at_message_create	{'id': 'ROBOT1.0_I.p9l5CsN3t.a9xwxvue-wd2K9Y9V1lDbcXZpGENdJNGkaNq63i0MJ1hWkKRnjYPcywXOkHsSBIyuIFlip6KdQ!!', 'timestamp': '2024-09-06T23:10:31+08:00'}
2024-09-06 23:12:03,952	[INFO]	(group.py:219)on_group_at_message_create	{'id': 'ROBOT1.0_I.p9l5CsN3t.a9xwxvue--2WZm8.HPUjfa..0jHuW-NEZl1DtnMbaWZEXcreoPaHLVEGMAwJlFJcrlgmWdU.1w!!', 'timestamp': '2024-09-06T23:12:05+08:00'}
2024-09-06 23:13:06,093	[INFO]	(group.py:219)on_group_at_message_create	{'id': 'ROBOT1.0_I.p9l5CsN3t.a9xwxvue-0Q7g1E-RmK5KULUbQ1nmIp2zrmxaRxrExqhtC75-ZTlmT9187AT1ocUfQ0FfbJP4Q!!', 'timestamp': '2024-09-06T23:13:07+08:00'}
2024-09-06 23:30:34,735	[INFO]	(gateway.py:56)on_closed	[botpy] 关闭, 返回码: 4009, 返回信息: Session timed out
2024-09-06 23:30:34,736	[INFO]	(gateway.py:134)ws_connect	[botpy] ws关闭, 停止接收消息!
2024-09-06 23:30:39,748	[INFO]	(connection.py:60)multi_run	[botpy] 最大并发连接数: 1, 启动会话数: 1
2024-09-06 23:30:39,749	[INFO]	(client.py:242)bot_connect	[botpy] 会话启动中...
2024-09-06 23:30:39,749	[INFO]	(gateway.py:115)ws_connect	[botpy] 启动中...
2024-09-06 23:30:39,902	[INFO]	(gateway.py:175)ws_resume	[botpy] 重连启动...
2024-09-06 23:30:40,028	[INFO]	(gateway.py:90)on_message	[botpy] 机器人重连成功! 
2024-09-06 23:30:40,028	[INFO]	(gateway.py:223)_send_heart	[botpy] 心跳维持启动...
2024-09-06 23:31:25,991	[INFO]	(gateway.py:56)on_closed	[botpy] 关闭, 返回码: 4009, 返回信息: Session timed out
2024-09-06 23:31:25,992	[INFO]	(gateway.py:134)ws_connect	[botpy] ws关闭, 停止接收消息!
2024-09-06 23:31:31,008	[INFO]	(connection.py:60)multi_run	[botpy] 最大并发连接数: 1, 启动会话数: 1
2024-09-06 23:31:31,008	[INFO]	(client.py:242)bot_connect	[botpy] 会话启动中...
2024-09-06 23:31:31,008	[INFO]	(gateway.py:115)ws_connect	[botpy] 启动中...
2024-09-06 23:31:31,140	[INFO]	(gateway.py:175)ws_resume	[botpy] 重连启动...
2024-09-06 23:31:31,218	[INFO]	(gateway.py:90)on_message	[botpy] 机器人重连成功! 
2024-09-06 23:31:31,218	[INFO]	(gateway.py:223)_send_heart	[botpy] 心跳维持启动...
2024-09-07 00:00:39,769	[INFO]	(gateway.py:56)on_closed	[botpy] 关闭, 返回码: 4009, 返回信息: Session timed out
2024-09-07 00:00:39,770	[INFO]	(gateway.py:134)ws_connect	[botpy] ws关闭, 停止接收消息!
2024-09-07 00:00:44,774	[INFO]	(connection.py:60)multi_run	[botpy] 最大并发连接数: 1, 启动会话数: 1
2024-09-07 00:00:44,774	[INFO]	(client.py:242)bot_connect	[botpy] 会话启动中...
2024-09-07 00:00:44,775	[INFO]	(gateway.py:115)ws_connect	[botpy] 启动中...
2024-09-07 00:00:45,406	[INFO]	(gateway.py:175)ws_resume	[botpy] 重连启动...
2024-09-07 00:00:45,490	[INFO]	(gateway.py:90)on_message	[botpy] 机器人重连成功! 
2024-09-07 00:00:45,491	[INFO]	(gateway.py:223)_send_heart	[botpy] 心跳维持启动...
2024-09-07 00:01:31,007	[INFO]	(gateway.py:56)on_closed	[botpy] 关闭, 返回码: 4009, 返回信息: Session timed out
2024-09-07 00:01:31,008	[INFO]	(gateway.py:134)ws_connect	[botpy] ws关闭, 停止接收消息!
2024-09-07 00:01:36,020	[INFO]	(connection.py:60)multi_run	[botpy] 最大并发连接数: 1, 启动会话数: 1
2024-09-07 00:01:36,020	[INFO]	(client.py:242)bot_connect	[botpy] 会话启动中...
2024-09-07 00:01:36,020	[INFO]	(gateway.py:115)ws_connect	[botpy] 启动中...
2024-09-07 00:01:36,699	[INFO]	(gateway.py:175)ws_resume	[botpy] 重连启动...
2024-09-07 00:01:37,084	[INFO]	(gateway.py:90)on_message	[botpy] 机器人重连成功! 
2024-09-07 00:01:37,084	[INFO]	(gateway.py:223)_send_heart	[botpy] 心跳维持启动...
2024-09-07 00:30:45,273	[INFO]	(gateway.py:56)on_closed	[botpy] 关闭, 返回码: 4009, 返回信息: Session timed out
2024-09-07 00:30:45,274	[INFO]	(gateway.py:134)ws_connect	[botpy] ws关闭, 停止接收消息!
2024-09-07 00:30:50,287	[INFO]	(connection.py:60)multi_run	[botpy] 最大并发连接数: 1, 启动会话数: 1
2024-09-07 00:30:50,288	[INFO]	(client.py:242)bot_connect	[botpy] 会话启动中...
2024-09-07 00:30:50,288	[INFO]	(gateway.py:115)ws_connect	[botpy] 启动中...
2024-09-07 00:30:50,461	[INFO]	(gateway.py:175)ws_resume	[botpy] 重连启动...
2024-09-07 00:30:50,547	[INFO]	(gateway.py:90)on_message	[botpy] 机器人重连成功! 
2024-09-07 00:30:50,547	[INFO]	(gateway.py:223)_send_heart	[botpy] 心跳维持启动...
2024-09-07 00:31:36,563	[INFO]	(gateway.py:56)on_closed	[botpy] 关闭, 返回码: 4009, 返回信息: Session timed out
2024-09-07 00:31:36,564	[INFO]	(gateway.py:134)ws_connect	[botpy] ws关闭, 停止接收消息!
2024-09-07 00:31:41,567	[INFO]	(connection.py:60)multi_run	[botpy] 最大并发连接数: 1, 启动会话数: 1
2024-09-07 00:31:41,568	[INFO]	(client.py:242)bot_connect	[botpy] 会话启动中...
2024-09-07 00:31:41,569	[INFO]	(gateway.py:115)ws_connect	[botpy] 启动中...
2024-09-07 00:31:41,724	[INFO]	(gateway.py:175)ws_resume	[botpy] 重连启动...
2024-09-07 00:31:41,805	[INFO]	(gateway.py:90)on_message	[botpy] 机器人重连成功! 
2024-09-07 00:31:41,805	[INFO]	(gateway.py:223)_send_heart	[botpy] 心跳维持启动...
2024-09-07 15:21:25,129	[INFO]	(client.py:162)_bot_login	[botpy] 登录机器人账号中...
2024-09-07 15:21:25,407	[INFO]	(robot.py:65)update_access_token	[botpy] access_token expires_in 4722
2024-09-07 15:21:25,805	[ERROR]	(http.py:76)_handle_response	[botpy] 接口请求异常，请求连接: https://api.sgroup.qq.com/users/@me, 错误代码: 401, 返回内容: {'message': '接口访问源IP不在白名单', 'code': 11298, 'err_code': 40023002, 'trace_id': '16b5a6cc724db48bf3b49c5ad684ab78'}, trace_id:16b5a6cc724db48bf3b49c5ad684ab78
2024-09-07 15:22:40,475	[INFO]	(client.py:162)_bot_login	[botpy] 登录机器人账号中...
2024-09-07 15:22:40,831	[INFO]	(robot.py:65)update_access_token	[botpy] access_token expires_in 4647
2024-09-07 15:22:41,424	[INFO]	(client.py:181)_bot_init	[botpy] 程序启动...
2024-09-07 15:22:41,425	[INFO]	(connection.py:60)multi_run	[botpy] 最大并发连接数: 1, 启动会话数: 1
2024-09-07 15:22:41,425	[INFO]	(client.py:242)bot_connect	[botpy] 会话启动中...
2024-09-07 15:22:41,425	[INFO]	(gateway.py:115)ws_connect	[botpy] 启动中...
2024-09-07 15:22:41,568	[INFO]	(gateway.py:142)ws_identify	[botpy] 鉴权中...
2024-09-07 15:22:41,652	[INFO]	(gateway.py:85)on_message	[botpy] 机器人「NekoBot-测试中」启动成功！
2024-09-07 15:22:41,653	[INFO]	(gateway.py:223)_send_heart	[botpy] 心跳维持启动...
2024-09-07 15:22:41,653	[INFO]	(main.py:105)on_ready	「NekoBot-测试中」准备好了喵~
2024-09-07 15:23:03,289	[INFO]	(client.py:162)_bot_login	[botpy] 登录机器人账号中...
2024-09-07 15:23:03,462	[INFO]	(robot.py:65)update_access_token	[botpy] access_token expires_in 4624
2024-09-07 15:23:03,838	[INFO]	(client.py:181)_bot_init	[botpy] 程序启动...
2024-09-07 15:23:03,839	[INFO]	(connection.py:60)multi_run	[botpy] 最大并发连接数: 1, 启动会话数: 1
2024-09-07 15:23:03,839	[INFO]	(client.py:242)bot_connect	[botpy] 会话启动中...
2024-09-07 15:23:03,840	[INFO]	(gateway.py:115)ws_connect	[botpy] 启动中...
2024-09-07 15:23:04,081	[INFO]	(gateway.py:142)ws_identify	[botpy] 鉴权中...
2024-09-07 15:23:04,151	[INFO]	(gateway.py:85)on_message	[botpy] 机器人「NekoBot-测试中」启动成功！
2024-09-07 15:23:04,151	[INFO]	(gateway.py:223)_send_heart	[botpy] 心跳维持启动...
2024-09-07 15:23:04,151	[INFO]	(group.py:103)on_ready	「NekoBot-测试中」准备好了喵~
2024-09-07 15:52:41,433	[INFO]	(gateway.py:56)on_closed	[botpy] 关闭, 返回码: 4009, 返回信息: Session timed out
2024-09-07 15:52:41,434	[INFO]	(gateway.py:134)ws_connect	[botpy] ws关闭, 停止接收消息!
2024-09-07 15:52:46,440	[INFO]	(connection.py:60)multi_run	[botpy] 最大并发连接数: 1, 启动会话数: 1
2024-09-07 15:52:46,440	[INFO]	(client.py:242)bot_connect	[botpy] 会话启动中...
2024-09-07 15:52:46,440	[INFO]	(gateway.py:115)ws_connect	[botpy] 启动中...
2024-09-07 15:52:46,702	[INFO]	(gateway.py:175)ws_resume	[botpy] 重连启动...
2024-09-07 15:52:46,784	[INFO]	(gateway.py:90)on_message	[botpy] 机器人重连成功! 
2024-09-07 15:52:46,784	[INFO]	(gateway.py:223)_send_heart	[botpy] 心跳维持启动...
2024-09-07 15:53:03,945	[INFO]	(gateway.py:56)on_closed	[botpy] 关闭, 返回码: 4009, 返回信息: Session timed out
2024-09-07 15:53:03,946	[INFO]	(gateway.py:134)ws_connect	[botpy] ws关闭, 停止接收消息!
2024-09-07 15:53:08,952	[INFO]	(connection.py:60)multi_run	[botpy] 最大并发连接数: 1, 启动会话数: 1
2024-09-07 15:53:08,953	[INFO]	(client.py:242)bot_connect	[botpy] 会话启动中...
2024-09-07 15:53:08,954	[INFO]	(gateway.py:115)ws_connect	[botpy] 启动中...
2024-09-07 15:53:09,110	[INFO]	(gateway.py:175)ws_resume	[botpy] 重连启动...
2024-09-07 15:53:09,177	[INFO]	(gateway.py:90)on_message	[botpy] 机器人重连成功! 
2024-09-07 15:53:09,178	[INFO]	(gateway.py:223)_send_heart	[botpy] 心跳维持启动...
2024-09-07 16:22:46,566	[INFO]	(gateway.py:56)on_closed	[botpy] 关闭, 返回码: 4009, 返回信息: Session timed out
2024-09-07 16:22:46,567	[INFO]	(gateway.py:134)ws_connect	[botpy] ws关闭, 停止接收消息!
2024-09-07 16:22:51,583	[INFO]	(connection.py:60)multi_run	[botpy] 最大并发连接数: 1, 启动会话数: 1
2024-09-07 16:22:51,584	[INFO]	(client.py:242)bot_connect	[botpy] 会话启动中...
2024-09-07 16:22:51,584	[INFO]	(gateway.py:115)ws_connect	[botpy] 启动中...
2024-09-07 16:22:51,816	[INFO]	(gateway.py:175)ws_resume	[botpy] 重连启动...
2024-09-07 16:22:51,979	[INFO]	(gateway.py:90)on_message	[botpy] 机器人重连成功! 
2024-09-07 16:22:51,979	[INFO]	(gateway.py:223)_send_heart	[botpy] 心跳维持启动...
2024-09-07 16:23:08,973	[INFO]	(gateway.py:56)on_closed	[botpy] 关闭, 返回码: 4009, 返回信息: Session timed out
2024-09-07 16:23:08,973	[INFO]	(gateway.py:134)ws_connect	[botpy] ws关闭, 停止接收消息!
2024-09-07 16:23:13,988	[INFO]	(connection.py:60)multi_run	[botpy] 最大并发连接数: 1, 启动会话数: 1
2024-09-07 16:23:13,989	[INFO]	(client.py:242)bot_connect	[botpy] 会话启动中...
2024-09-07 16:23:13,989	[INFO]	(gateway.py:115)ws_connect	[botpy] 启动中...
2024-09-07 16:23:14,141	[INFO]	(gateway.py:175)ws_resume	[botpy] 重连启动...
2024-09-07 16:23:14,214	[INFO]	(gateway.py:90)on_message	[botpy] 机器人重连成功! 
2024-09-07 16:23:14,214	[INFO]	(gateway.py:223)_send_heart	[botpy] 心跳维持启动...
2024-09-07 16:48:02,973	[INFO]	(main.py:108)on_at_message_create	http://thirdqq.qlogo.cn/g?b=oidb&k=GDN9NcpPZy9PzN3sVtrDYA&kti=ZnZ8mQAAAAE&s=0&t=1719040456
2024-09-07 16:48:03,339	[INFO]	(robot.py:65)update_access_token	[botpy] access_token expires_in 7200
2024-09-07 16:48:04,433	[INFO]	(main.py:201)on_at_message_create	Neko
2024-09-07 16:48:17,032	[INFO]	(main.py:108)on_at_message_create	http://thirdqq.qlogo.cn/g?b=oidb&k=L4njje2YTb3W6EJqicgAn0g&kti=ZpG3PAAAAAA&s=0&t=1720636346
2024-09-07 16:48:18,261	[INFO]	(main.py:201)on_at_message_create	随缘
2024-09-07 16:48:20,549	[INFO]	(main.py:108)on_at_message_create	http://thirdqq.qlogo.cn/g?b=oidb&k=GDN9NcpPZy9PzN3sVtrDYA&kti=ZnZ8mQAAAAE&s=0&t=1719040456
2024-09-07 16:48:21,630	[INFO]	(main.py:201)on_at_message_create	Neko
2024-09-07 16:48:24,579	[INFO]	(main.py:108)on_at_message_create	http://thirdqq.qlogo.cn/g?b=oidb&k=L4njje2YTb3W6EJqicgAn0g&kti=ZpG3PAAAAAA&s=0&t=1720636346
2024-09-07 16:48:25,622	[INFO]	(main.py:201)on_at_message_create	随缘
2024-09-07 16:48:37,632	[INFO]	(main.py:108)on_at_message_create	http://thirdqq.qlogo.cn/g?b=oidb&k=L4njje2YTb3W6EJqicgAn0g&kti=ZpG3PAAAAAA&s=0&t=1720636346
2024-09-07 16:48:38,473	[INFO]	(main.py:201)on_at_message_create	随缘
2024-09-07 16:48:49,685	[INFO]	(main.py:108)on_at_message_create	http://thirdqq.qlogo.cn/g?b=oidb&k=GDN9NcpPZy9PzN3sVtrDYA&kti=ZnZ8mQAAAAE&s=0&t=1719040456
2024-09-07 16:48:50,764	[INFO]	(main.py:201)on_at_message_create	Neko
2024-09-07 16:49:01,736	[INFO]	(main.py:108)on_at_message_create	http://thirdqq.qlogo.cn/g?b=oidb&k=GDN9NcpPZy9PzN3sVtrDYA&kti=ZnZ8mQAAAAE&s=0&t=1719040456
2024-09-07 16:49:02,671	[INFO]	(main.py:201)on_at_message_create	Neko
2024-09-07 16:49:04,756	[INFO]	(main.py:108)on_at_message_create	http://thirdqq.qlogo.cn/g?b=oidb&k=L4njje2YTb3W6EJqicgAn0g&kti=ZpG3PAAAAAA&s=0&t=1720636346
2024-09-07 16:49:05,796	[INFO]	(main.py:201)on_at_message_create	随缘
2024-09-07 16:49:07,771	[INFO]	(main.py:108)on_at_message_create	http://thirdqq.qlogo.cn/g?b=oidb&k=GDN9NcpPZy9PzN3sVtrDYA&kti=ZnZ8mQAAAAE&s=0&t=1719040456
2024-09-07 16:49:08,730	[INFO]	(main.py:201)on_at_message_create	Neko
2024-09-07 16:49:26,355	[INFO]	(main.py:108)on_at_message_create	http://thirdqq.qlogo.cn/g?b=oidb&k=GDN9NcpPZy9PzN3sVtrDYA&kti=ZnZ8mQAAAAE&s=0&t=1719040456
2024-09-07 16:49:26,355	[INFO]	(main.py:201)on_at_message_create	Neko
2024-09-07 16:49:54,463	[INFO]	(main.py:108)on_at_message_create	http://thirdqq.qlogo.cn/g?b=oidb&k=GDN9NcpPZy9PzN3sVtrDYA&kti=ZnZ8mQAAAAE&s=0&t=1719040456
2024-09-07 16:49:55,502	[INFO]	(main.py:201)on_at_message_create	Neko
2024-09-07 16:50:14,036	[INFO]	(main.py:108)on_at_message_create	http://thirdqq.qlogo.cn/g?b=oidb&k=L4njje2YTb3W6EJqicgAn0g&kti=ZpG3PAAAAAA&s=0&t=1720636346
2024-09-07 16:50:15,091	[INFO]	(main.py:201)on_at_message_create	随缘
2024-09-07 16:50:36,638	[INFO]	(main.py:108)on_at_message_create	http://thirdqq.qlogo.cn/g?b=oidb&k=GDN9NcpPZy9PzN3sVtrDYA&kti=ZnZ8mQAAAAE&s=0&t=1719040456
2024-09-07 16:50:36,638	[INFO]	(main.py:201)on_at_message_create	Neko
2024-09-07 16:51:11,287	[INFO]	(main.py:108)on_at_message_create	http://thirdqq.qlogo.cn/g?b=oidb&k=L4njje2YTb3W6EJqicgAn0g&kti=ZpG3PAAAAAA&s=0&t=1720636346
2024-09-07 16:51:12,401	[INFO]	(main.py:201)on_at_message_create	随缘
2024-09-07 16:51:22,837	[INFO]	(main.py:108)on_at_message_create	http://thirdqq.qlogo.cn/g?b=oidb&k=L4njje2YTb3W6EJqicgAn0g&kti=ZpG3PAAAAAA&s=0&t=1720636346
2024-09-07 16:51:23,943	[INFO]	(main.py:201)on_at_message_create	随缘
2024-09-07 16:51:24,351	[INFO]	(main.py:108)on_at_message_create	http://thirdqq.qlogo.cn/g?b=oidb&k=GDN9NcpPZy9PzN3sVtrDYA&kti=ZnZ8mQAAAAE&s=0&t=1719040456
2024-09-07 16:52:07,975	[INFO]	(client.py:162)_bot_login	[botpy] 登录机器人账号中...
2024-09-07 16:52:08,252	[INFO]	(robot.py:65)update_access_token	[botpy] access_token expires_in 6955
2024-09-07 16:52:08,622	[INFO]	(client.py:181)_bot_init	[botpy] 程序启动...
2024-09-07 16:52:08,622	[INFO]	(connection.py:60)multi_run	[botpy] 最大并发连接数: 1, 启动会话数: 1
2024-09-07 16:52:08,622	[INFO]	(client.py:242)bot_connect	[botpy] 会话启动中...
2024-09-07 16:52:08,622	[INFO]	(gateway.py:115)ws_connect	[botpy] 启动中...
2024-09-07 16:52:08,754	[INFO]	(gateway.py:142)ws_identify	[botpy] 鉴权中...
2024-09-07 16:52:08,846	[INFO]	(gateway.py:85)on_message	[botpy] 机器人「NekoBot-测试中」启动成功！
2024-09-07 16:52:08,846	[INFO]	(gateway.py:223)_send_heart	[botpy] 心跳维持启动...
2024-09-07 16:52:08,846	[INFO]	(main.py:105)on_ready	「NekoBot-测试中」准备好了喵~
2024-09-07 16:52:09,362	[INFO]	(main.py:108)on_at_message_create	http://thirdqq.qlogo.cn/g?b=oidb&k=GDN9NcpPZy9PzN3sVtrDYA&kti=ZnZ8mQAAAAE&s=0&t=1719040456
2024-09-07 16:52:09,362	[INFO]	(main.py:201)on_at_message_create	Neko
2024-09-07 16:52:25,433	[INFO]	(main.py:108)on_at_message_create	http://thirdqq.qlogo.cn/g?b=oidb&k=GDN9NcpPZy9PzN3sVtrDYA&kti=ZnZ8mQAAAAE&s=0&t=1719040456
2024-09-07 16:52:25,961	[INFO]	(main.py:201)on_at_message_create	Neko
2024-09-07 16:52:36,982	[INFO]	(main.py:108)on_at_message_create	http://thirdqq.qlogo.cn/g?b=oidb&k=L4njje2YTb3W6EJqicgAn0g&kti=ZpG3PAAAAAA&s=0&t=1720636346
2024-09-07 16:52:37,439	[INFO]	(main.py:201)on_at_message_create	随缘
2024-09-07 16:52:48,535	[INFO]	(main.py:108)on_at_message_create	http://thirdqq.qlogo.cn/g?b=oidb&k=L4njje2YTb3W6EJqicgAn0g&kti=ZpG3PAAAAAA&s=0&t=1720636346
2024-09-07 16:52:49,026	[INFO]	(main.py:201)on_at_message_create	随缘
2024-09-07 16:53:14,005	[INFO]	(gateway.py:56)on_closed	[botpy] 关闭, 返回码: 4009, 返回信息: Session timed out
2024-09-07 16:53:14,006	[INFO]	(gateway.py:134)ws_connect	[botpy] ws关闭, 停止接收消息!
2024-09-07 16:53:19,018	[INFO]	(connection.py:60)multi_run	[botpy] 最大并发连接数: 1, 启动会话数: 1
2024-09-07 16:53:19,019	[INFO]	(client.py:242)bot_connect	[botpy] 会话启动中...
2024-09-07 16:53:19,019	[INFO]	(gateway.py:115)ws_connect	[botpy] 启动中...
2024-09-07 16:53:19,161	[INFO]	(gateway.py:175)ws_resume	[botpy] 重连启动...
2024-09-07 16:53:19,400	[INFO]	(robot.py:65)update_access_token	[botpy] access_token expires_in 6884
2024-09-07 16:53:19,468	[INFO]	(gateway.py:90)on_message	[botpy] 机器人重连成功! 
2024-09-07 16:53:19,468	[INFO]	(gateway.py:223)_send_heart	[botpy] 心跳维持启动...
2024-09-07 16:55:12,557	[INFO]	(client.py:162)_bot_login	[botpy] 登录机器人账号中...
2024-09-07 16:55:12,907	[INFO]	(robot.py:65)update_access_token	[botpy] access_token expires_in 6770
2024-09-07 16:55:13,353	[INFO]	(client.py:181)_bot_init	[botpy] 程序启动...
2024-09-07 16:55:13,354	[INFO]	(connection.py:60)multi_run	[botpy] 最大并发连接数: 1, 启动会话数: 1
2024-09-07 16:55:13,354	[INFO]	(client.py:242)bot_connect	[botpy] 会话启动中...
2024-09-07 16:55:13,354	[INFO]	(gateway.py:115)ws_connect	[botpy] 启动中...
2024-09-07 16:55:13,486	[INFO]	(gateway.py:142)ws_identify	[botpy] 鉴权中...
2024-09-07 16:55:13,570	[INFO]	(gateway.py:85)on_message	[botpy] 机器人「NekoBot-测试中」启动成功！
2024-09-07 16:55:13,570	[INFO]	(gateway.py:223)_send_heart	[botpy] 心跳维持启动...
2024-09-07 16:55:13,571	[INFO]	(main.py:105)on_ready	「NekoBot-测试中」准备好了喵~
2024-09-07 16:55:26,632	[INFO]	(main.py:108)on_at_message_create	http://thirdqq.qlogo.cn/g?b=oidb&k=L4njje2YTb3W6EJqicgAn0g&kti=ZpG3PAAAAAA&s=0&t=1720636346
2024-09-07 16:55:27,247	[INFO]	(main.py:201)on_at_message_create	<@!8190411252888450728> 下线
2024-09-07 16:55:27,247	[INFO]	(main.py:203)on_at_message_create	随缘
2024-09-07 16:56:04,258	[INFO]	(main.py:108)on_at_message_create	http://thirdqq.qlogo.cn/g?b=oidb&k=GDN9NcpPZy9PzN3sVtrDYA&kti=ZnZ8mQAAAAE&s=0&t=1719040456
2024-09-07 16:56:15,426	[INFO]	(client.py:162)_bot_login	[botpy] 登录机器人账号中...
2024-09-07 16:56:15,565	[INFO]	(robot.py:65)update_access_token	[botpy] access_token expires_in 6708
2024-09-07 16:56:15,996	[INFO]	(client.py:181)_bot_init	[botpy] 程序启动...
2024-09-07 16:56:15,996	[INFO]	(connection.py:60)multi_run	[botpy] 最大并发连接数: 1, 启动会话数: 1
2024-09-07 16:56:15,997	[INFO]	(client.py:242)bot_connect	[botpy] 会话启动中...
2024-09-07 16:56:15,997	[INFO]	(gateway.py:115)ws_connect	[botpy] 启动中...
2024-09-07 16:56:16,132	[INFO]	(gateway.py:142)ws_identify	[botpy] 鉴权中...
2024-09-07 16:56:16,231	[INFO]	(gateway.py:85)on_message	[botpy] 机器人「NekoBot-测试中」启动成功！
2024-09-07 16:56:16,232	[INFO]	(gateway.py:223)_send_heart	[botpy] 心跳维持启动...
2024-09-07 16:56:16,232	[INFO]	(main.py:105)on_ready	「NekoBot-测试中」准备好了喵~
2024-09-07 16:56:16,739	[INFO]	(main.py:108)on_at_message_create	http://thirdqq.qlogo.cn/g?b=oidb&k=GDN9NcpPZy9PzN3sVtrDYA&kti=ZnZ8mQAAAAE&s=0&t=1719040456
2024-09-07 16:56:16,740	[INFO]	(main.py:201)on_at_message_create	<@!8190411252888450728> 上线
2024-09-07 16:56:16,740	[INFO]	(main.py:203)on_at_message_create	Neko
2024-09-07 17:01:56,447	[INFO]	(client.py:162)_bot_login	[botpy] 登录机器人账号中...
2024-09-07 17:01:56,843	[INFO]	(robot.py:65)update_access_token	[botpy] access_token expires_in 6366
2024-09-07 17:01:57,345	[INFO]	(client.py:181)_bot_init	[botpy] 程序启动...
2024-09-07 17:01:57,346	[INFO]	(connection.py:60)multi_run	[botpy] 最大并发连接数: 1, 启动会话数: 1
2024-09-07 17:01:57,346	[INFO]	(client.py:242)bot_connect	[botpy] 会话启动中...
2024-09-07 17:01:57,347	[INFO]	(gateway.py:115)ws_connect	[botpy] 启动中...
2024-09-07 17:01:57,471	[INFO]	(gateway.py:142)ws_identify	[botpy] 鉴权中...
2024-09-07 17:01:57,547	[INFO]	(gateway.py:85)on_message	[botpy] 机器人「NekoBot-测试中」启动成功！
2024-09-07 17:01:57,548	[INFO]	(gateway.py:223)_send_heart	[botpy] 心跳维持启动...
2024-09-07 17:01:57,549	[INFO]	(main.py:105)on_ready	「NekoBot-测试中」准备好了喵~
2024-09-07 17:02:01,148	[INFO]	(client.py:162)_bot_login	[botpy] 登录机器人账号中...
2024-09-07 17:02:01,422	[INFO]	(robot.py:65)update_access_token	[botpy] access_token expires_in 6362
2024-09-07 17:02:01,854	[INFO]	(client.py:181)_bot_init	[botpy] 程序启动...
2024-09-07 17:02:01,854	[INFO]	(connection.py:60)multi_run	[botpy] 最大并发连接数: 1, 启动会话数: 1
2024-09-07 17:02:01,855	[INFO]	(client.py:242)bot_connect	[botpy] 会话启动中...
2024-09-07 17:02:01,855	[INFO]	(gateway.py:115)ws_connect	[botpy] 启动中...
2024-09-07 17:02:01,984	[INFO]	(gateway.py:142)ws_identify	[botpy] 鉴权中...
2024-09-07 17:02:02,059	[INFO]	(gateway.py:85)on_message	[botpy] 机器人「NekoBot-测试中」启动成功！
2024-09-07 17:02:02,060	[INFO]	(gateway.py:223)_send_heart	[botpy] 心跳维持启动...
2024-09-07 17:02:02,060	[INFO]	(group.py:103)on_ready	「NekoBot-测试中」准备好了喵~
2024-09-07 17:02:26,672	[INFO]	(main.py:108)on_at_message_create	http://thirdqq.qlogo.cn/g?b=oidb&k=GDN9NcpPZy9PzN3sVtrDYA&kti=ZnZ8mQAAAAE&s=0&t=1719040456
2024-09-07 17:02:26,673	[INFO]	(main.py:201)on_at_message_create	<@!8190411252888450728> /help
2024-09-07 17:02:26,673	[INFO]	(main.py:203)on_at_message_create	Neko
2024-09-07 17:02:51,282	[INFO]	(main.py:108)on_at_message_create	http://thirdqq.qlogo.cn/g?b=oidb&k=GDN9NcpPZy9PzN3sVtrDYA&kti=ZnZ8mQAAAAE&s=0&t=1719040456
2024-09-07 17:02:51,283	[INFO]	(main.py:201)on_at_message_create	<@!8190411252888450728> /help
2024-09-07 17:02:51,283	[INFO]	(main.py:203)on_at_message_create	Neko
2024-09-07 17:04:20,665	[INFO]	(client.py:162)_bot_login	[botpy] 登录机器人账号中...
2024-09-07 17:04:20,829	[INFO]	(robot.py:65)update_access_token	[botpy] access_token expires_in 6222
2024-09-07 17:04:21,316	[INFO]	(client.py:181)_bot_init	[botpy] 程序启动...
2024-09-07 17:04:21,316	[INFO]	(connection.py:60)multi_run	[botpy] 最大并发连接数: 1, 启动会话数: 1
2024-09-07 17:04:21,317	[INFO]	(client.py:242)bot_connect	[botpy] 会话启动中...
2024-09-07 17:04:21,318	[INFO]	(gateway.py:115)ws_connect	[botpy] 启动中...
2024-09-07 17:04:21,431	[INFO]	(gateway.py:142)ws_identify	[botpy] 鉴权中...
2024-09-07 17:04:21,539	[INFO]	(gateway.py:85)on_message	[botpy] 机器人「NekoBot-测试中」启动成功！
2024-09-07 17:04:21,539	[INFO]	(gateway.py:223)_send_heart	[botpy] 心跳维持启动...
2024-09-07 17:04:21,540	[INFO]	(main.py:105)on_ready	「NekoBot-测试中」准备好了喵~
2024-09-07 17:04:22,442	[INFO]	(client.py:162)_bot_login	[botpy] 登录机器人账号中...
2024-09-07 17:04:22,717	[INFO]	(robot.py:65)update_access_token	[botpy] access_token expires_in 6221
2024-09-07 17:04:23,172	[INFO]	(client.py:181)_bot_init	[botpy] 程序启动...
2024-09-07 17:04:23,173	[INFO]	(connection.py:60)multi_run	[botpy] 最大并发连接数: 1, 启动会话数: 1
2024-09-07 17:04:23,173	[INFO]	(client.py:242)bot_connect	[botpy] 会话启动中...
2024-09-07 17:04:23,173	[INFO]	(gateway.py:115)ws_connect	[botpy] 启动中...
2024-09-07 17:04:23,296	[INFO]	(gateway.py:142)ws_identify	[botpy] 鉴权中...
2024-09-07 17:04:23,367	[INFO]	(gateway.py:85)on_message	[botpy] 机器人「NekoBot-测试中」启动成功！
2024-09-07 17:04:23,368	[INFO]	(gateway.py:223)_send_heart	[botpy] 心跳维持启动...
2024-09-07 17:04:23,368	[INFO]	(group.py:103)on_ready	「NekoBot-测试中」准备好了喵~
2024-09-07 17:04:28,573	[INFO]	(main.py:108)on_at_message_create	http://thirdqq.qlogo.cn/g?b=oidb&k=GDN9NcpPZy9PzN3sVtrDYA&kti=ZnZ8mQAAAAE&s=0&t=1719040456
2024-09-07 17:05:10,254	[INFO]	(client.py:162)_bot_login	[botpy] 登录机器人账号中...
2024-09-07 17:05:10,404	[INFO]	(robot.py:65)update_access_token	[botpy] access_token expires_in 6173
2024-09-07 17:05:10,824	[INFO]	(client.py:181)_bot_init	[botpy] 程序启动...
2024-09-07 17:05:10,824	[INFO]	(connection.py:60)multi_run	[botpy] 最大并发连接数: 1, 启动会话数: 1
2024-09-07 17:05:10,825	[INFO]	(client.py:242)bot_connect	[botpy] 会话启动中...
2024-09-07 17:05:10,825	[INFO]	(gateway.py:115)ws_connect	[botpy] 启动中...
2024-09-07 17:05:10,947	[INFO]	(gateway.py:142)ws_identify	[botpy] 鉴权中...
2024-09-07 17:05:11,016	[INFO]	(gateway.py:85)on_message	[botpy] 机器人「NekoBot-测试中」启动成功！
2024-09-07 17:05:11,016	[INFO]	(gateway.py:223)_send_heart	[botpy] 心跳维持启动...
2024-09-07 17:05:11,016	[INFO]	(main.py:105)on_ready	「NekoBot-测试中」准备好了喵~
2024-09-07 17:05:13,200	[INFO]	(client.py:162)_bot_login	[botpy] 登录机器人账号中...
2024-09-07 17:05:13,359	[INFO]	(robot.py:65)update_access_token	[botpy] access_token expires_in 6170
2024-09-07 17:05:13,769	[INFO]	(client.py:181)_bot_init	[botpy] 程序启动...
2024-09-07 17:05:13,769	[INFO]	(connection.py:60)multi_run	[botpy] 最大并发连接数: 1, 启动会话数: 1
2024-09-07 17:05:13,769	[INFO]	(client.py:242)bot_connect	[botpy] 会话启动中...
2024-09-07 17:05:13,770	[INFO]	(gateway.py:115)ws_connect	[botpy] 启动中...
2024-09-07 17:05:13,911	[INFO]	(gateway.py:142)ws_identify	[botpy] 鉴权中...
2024-09-07 17:05:13,994	[INFO]	(gateway.py:85)on_message	[botpy] 机器人「NekoBot-测试中」启动成功！
2024-09-07 17:05:13,995	[INFO]	(gateway.py:223)_send_heart	[botpy] 心跳维持启动...
2024-09-07 17:05:13,995	[INFO]	(group.py:103)on_ready	「NekoBot-测试中」准备好了喵~
2024-09-07 17:05:18,048	[INFO]	(main.py:108)on_at_message_create	http://thirdqq.qlogo.cn/g?b=oidb&k=GDN9NcpPZy9PzN3sVtrDYA&kti=ZnZ8mQAAAAE&s=0&t=1719040456
2024-09-07 17:05:18,630	[INFO]	(main.py:204)on_at_message_create	<@!8190411252888450728> /help
2024-09-07 17:05:18,631	[INFO]	(main.py:206)on_at_message_create	Neko
2024-09-07 17:05:56,095	[INFO]	(client.py:162)_bot_login	[botpy] 登录机器人账号中...
2024-09-07 17:05:56,259	[INFO]	(robot.py:65)update_access_token	[botpy] access_token expires_in 6127
2024-09-07 17:05:56,653	[INFO]	(client.py:181)_bot_init	[botpy] 程序启动...
2024-09-07 17:05:56,654	[INFO]	(connection.py:60)multi_run	[botpy] 最大并发连接数: 1, 启动会话数: 1
2024-09-07 17:05:56,654	[INFO]	(client.py:242)bot_connect	[botpy] 会话启动中...
2024-09-07 17:05:56,654	[INFO]	(gateway.py:115)ws_connect	[botpy] 启动中...
2024-09-07 17:05:56,807	[INFO]	(gateway.py:142)ws_identify	[botpy] 鉴权中...
2024-09-07 17:05:56,905	[INFO]	(gateway.py:85)on_message	[botpy] 机器人「NekoBot-测试中」启动成功！
2024-09-07 17:05:56,907	[INFO]	(gateway.py:223)_send_heart	[botpy] 心跳维持启动...
2024-09-07 17:05:56,907	[INFO]	(group.py:103)on_ready	「NekoBot-测试中」准备好了喵~
2024-09-07 17:05:57,625	[INFO]	(client.py:162)_bot_login	[botpy] 登录机器人账号中...
2024-09-07 17:05:57,940	[INFO]	(robot.py:65)update_access_token	[botpy] access_token expires_in 6125
2024-09-07 17:05:58,358	[INFO]	(client.py:181)_bot_init	[botpy] 程序启动...
2024-09-07 17:05:58,358	[INFO]	(connection.py:60)multi_run	[botpy] 最大并发连接数: 1, 启动会话数: 1
2024-09-07 17:05:58,359	[INFO]	(client.py:242)bot_connect	[botpy] 会话启动中...
2024-09-07 17:05:58,359	[INFO]	(gateway.py:115)ws_connect	[botpy] 启动中...
2024-09-07 17:05:58,467	[INFO]	(gateway.py:142)ws_identify	[botpy] 鉴权中...
2024-09-07 17:05:58,538	[INFO]	(gateway.py:85)on_message	[botpy] 机器人「NekoBot-测试中」启动成功！
2024-09-07 17:05:58,538	[INFO]	(gateway.py:223)_send_heart	[botpy] 心跳维持启动...
2024-09-07 17:05:58,539	[INFO]	(main.py:105)on_ready	「NekoBot-测试中」准备好了喵~
2024-09-07 17:07:32,704	[INFO]	(client.py:162)_bot_login	[botpy] 登录机器人账号中...
2024-09-07 17:07:32,858	[INFO]	(robot.py:65)update_access_token	[botpy] access_token expires_in 6030
2024-09-07 17:07:33,284	[INFO]	(client.py:181)_bot_init	[botpy] 程序启动...
2024-09-07 17:07:33,285	[INFO]	(connection.py:60)multi_run	[botpy] 最大并发连接数: 1, 启动会话数: 1
2024-09-07 17:07:33,286	[INFO]	(client.py:242)bot_connect	[botpy] 会话启动中...
2024-09-07 17:07:33,286	[INFO]	(gateway.py:115)ws_connect	[botpy] 启动中...
2024-09-07 17:07:33,426	[INFO]	(gateway.py:142)ws_identify	[botpy] 鉴权中...
2024-09-07 17:07:33,501	[INFO]	(gateway.py:85)on_message	[botpy] 机器人「NekoBot-测试中」启动成功！
2024-09-07 17:07:33,501	[INFO]	(gateway.py:223)_send_heart	[botpy] 心跳维持启动...
2024-09-07 17:07:33,501	[INFO]	(group.py:103)on_ready	「NekoBot-测试中」准备好了喵~
2024-09-07 17:15:32,615	[INFO]	(client.py:162)_bot_login	[botpy] 登录机器人账号中...
2024-09-07 17:15:32,850	[INFO]	(robot.py:65)update_access_token	[botpy] access_token expires_in 5550
2024-09-07 17:15:33,289	[INFO]	(client.py:181)_bot_init	[botpy] 程序启动...
2024-09-07 17:15:33,289	[INFO]	(connection.py:60)multi_run	[botpy] 最大并发连接数: 1, 启动会话数: 1
2024-09-07 17:15:33,289	[INFO]	(client.py:242)bot_connect	[botpy] 会话启动中...
2024-09-07 17:15:33,290	[INFO]	(gateway.py:115)ws_connect	[botpy] 启动中...
2024-09-07 17:15:33,458	[INFO]	(gateway.py:142)ws_identify	[botpy] 鉴权中...
2024-09-07 17:15:33,567	[INFO]	(gateway.py:85)on_message	[botpy] 机器人「NekoBot-测试中」启动成功！
2024-09-07 17:15:33,567	[INFO]	(gateway.py:223)_send_heart	[botpy] 心跳维持启动...
2024-09-07 17:15:33,567	[INFO]	(main.py:105)on_ready	「NekoBot-测试中」准备好了喵~
2024-09-07 17:15:49,635	[INFO]	(main.py:108)on_at_message_create	http://thirdqq.qlogo.cn/g?b=oidb&k=GDN9NcpPZy9PzN3sVtrDYA&kti=ZnZ8mQAAAAE&s=0&t=1719040456
2024-09-07 17:15:50,047	[ERROR]	(http.py:76)_handle_response	[botpy] 接口请求异常，请求连接: https://api.sgroup.qq.com/channels/659587993/messages, 错误代码: 500, 返回内容: {'code': 304023, 'message': 'push message is waiting for audit now', 'data': {'message_audit': {'audit_id': 'a6b078c1-3565-4a08-8fe4-6819f248bdf3'}}, 'err_code': 304023, 'trace_id': '0407e53f1ab3588cf4a833a69afd8820'}, trace_id:0407e53f1ab3588cf4a833a69afd8820
2024-09-07 17:16:30,816	[INFO]	(main.py:108)on_at_message_create	http://thirdqq.qlogo.cn/g?b=oidb&k=GDN9NcpPZy9PzN3sVtrDYA&kti=ZnZ8mQAAAAE&s=0&t=1719040456
2024-09-07 17:16:31,133	[ERROR]	(http.py:76)_handle_response	[botpy] 接口请求异常，请求连接: https://api.sgroup.qq.com/channels/659587993/messages, 错误代码: 500, 返回内容: {'code': 304023, 'message': 'push message is waiting for audit now', 'data': {'message_audit': {'audit_id': '830f2426-4835-43ea-9544-191031717b4a'}}, 'err_code': 304023, 'trace_id': 'd4cfc7e0c6372707ac3b2d2084569796'}, trace_id:d4cfc7e0c6372707ac3b2d2084569796
2024-09-07 17:17:03,370	[INFO]	(client.py:162)_bot_login	[botpy] 登录机器人账号中...
2024-09-07 17:17:03,516	[INFO]	(robot.py:65)update_access_token	[botpy] access_token expires_in 5460
2024-09-07 17:17:03,965	[INFO]	(client.py:181)_bot_init	[botpy] 程序启动...
2024-09-07 17:17:03,965	[INFO]	(connection.py:60)multi_run	[botpy] 最大并发连接数: 1, 启动会话数: 1
2024-09-07 17:17:03,966	[INFO]	(client.py:242)bot_connect	[botpy] 会话启动中...
2024-09-07 17:17:03,966	[INFO]	(gateway.py:115)ws_connect	[botpy] 启动中...
2024-09-07 17:17:04,093	[INFO]	(gateway.py:142)ws_identify	[botpy] 鉴权中...
2024-09-07 17:17:04,189	[INFO]	(gateway.py:85)on_message	[botpy] 机器人「NekoBot-测试中」启动成功！
2024-09-07 17:17:04,190	[INFO]	(gateway.py:223)_send_heart	[botpy] 心跳维持启动...
2024-09-07 17:17:04,190	[INFO]	(main.py:105)on_ready	「NekoBot-测试中」准备好了喵~
2024-09-07 17:37:33,291	[INFO]	(gateway.py:56)on_closed	[botpy] 关闭, 返回码: 4009, 返回信息: Session timed out
2024-09-07 17:37:33,293	[INFO]	(gateway.py:134)ws_connect	[botpy] ws关闭, 停止接收消息!
2024-09-07 17:37:38,303	[INFO]	(connection.py:60)multi_run	[botpy] 最大并发连接数: 1, 启动会话数: 1
2024-09-07 17:37:38,304	[INFO]	(client.py:242)bot_connect	[botpy] 会话启动中...
2024-09-07 17:37:38,304	[INFO]	(gateway.py:115)ws_connect	[botpy] 启动中...
2024-09-07 17:37:38,446	[INFO]	(gateway.py:175)ws_resume	[botpy] 重连启动...
2024-09-07 17:37:38,535	[INFO]	(gateway.py:90)on_message	[botpy] 机器人重连成功! 
2024-09-07 17:37:38,535	[INFO]	(gateway.py:223)_send_heart	[botpy] 心跳维持启动...
2024-09-07 17:47:03,955	[INFO]	(gateway.py:56)on_closed	[botpy] 关闭, 返回码: 4009, 返回信息: Session timed out
2024-09-07 17:47:03,956	[INFO]	(gateway.py:134)ws_connect	[botpy] ws关闭, 停止接收消息!
2024-09-07 17:47:08,966	[INFO]	(connection.py:60)multi_run	[botpy] 最大并发连接数: 1, 启动会话数: 1
2024-09-07 17:47:08,967	[INFO]	(client.py:242)bot_connect	[botpy] 会话启动中...
2024-09-07 17:47:08,967	[INFO]	(gateway.py:115)ws_connect	[botpy] 启动中...
2024-09-07 17:47:09,107	[INFO]	(gateway.py:175)ws_resume	[botpy] 重连启动...
2024-09-07 17:47:09,199	[INFO]	(gateway.py:90)on_message	[botpy] 机器人重连成功! 
2024-09-07 17:47:09,200	[INFO]	(gateway.py:223)_send_heart	[botpy] 心跳维持启动...
2024-09-07 18:07:38,308	[INFO]	(gateway.py:56)on_closed	[botpy] 关闭, 返回码: 4009, 返回信息: Session timed out
2024-09-07 18:07:38,309	[INFO]	(gateway.py:134)ws_connect	[botpy] ws关闭, 停止接收消息!
2024-09-07 18:07:43,316	[INFO]	(connection.py:60)multi_run	[botpy] 最大并发连接数: 1, 启动会话数: 1
2024-09-07 18:07:43,317	[INFO]	(client.py:242)bot_connect	[botpy] 会话启动中...
2024-09-07 18:07:43,317	[INFO]	(gateway.py:115)ws_connect	[botpy] 启动中...
2024-09-07 18:07:43,469	[INFO]	(gateway.py:175)ws_resume	[botpy] 重连启动...
2024-09-07 18:07:43,546	[INFO]	(gateway.py:90)on_message	[botpy] 机器人重连成功! 
2024-09-07 18:07:43,547	[INFO]	(gateway.py:223)_send_heart	[botpy] 心跳维持启动...
2024-09-07 18:17:08,971	[INFO]	(gateway.py:56)on_closed	[botpy] 关闭, 返回码: 4009, 返回信息: Session timed out
2024-09-07 18:17:08,971	[INFO]	(gateway.py:134)ws_connect	[botpy] ws关闭, 停止接收消息!
2024-09-07 18:17:13,976	[INFO]	(connection.py:60)multi_run	[botpy] 最大并发连接数: 1, 启动会话数: 1
2024-09-07 18:17:13,978	[INFO]	(client.py:242)bot_connect	[botpy] 会话启动中...
2024-09-07 18:17:13,978	[INFO]	(gateway.py:115)ws_connect	[botpy] 启动中...
2024-09-07 18:17:14,133	[INFO]	(gateway.py:175)ws_resume	[botpy] 重连启动...
2024-09-07 18:17:14,210	[INFO]	(gateway.py:90)on_message	[botpy] 机器人重连成功! 
2024-09-07 18:17:14,211	[INFO]	(gateway.py:223)_send_heart	[botpy] 心跳维持启动...
2024-09-07 18:35:45,595	[INFO]	(main.py:108)on_at_message_create	http://thirdqq.qlogo.cn/g?b=oidb&k=GDN9NcpPZy9PzN3sVtrDYA&kti=ZnZ8mQAAAAE&s=0&t=1719040456
2024-09-07 18:35:46,280	[INFO]	(main.py:204)on_at_message_create	<@!8190411252888450728> /help
2024-09-07 18:35:46,280	[INFO]	(main.py:206)on_at_message_create	Neko
2024-09-07 18:37:43,335	[INFO]	(gateway.py:56)on_closed	[botpy] 关闭, 返回码: 4009, 返回信息: Session timed out
2024-09-07 18:37:43,335	[INFO]	(gateway.py:134)ws_connect	[botpy] ws关闭, 停止接收消息!
2024-09-07 18:37:48,346	[INFO]	(connection.py:60)multi_run	[botpy] 最大并发连接数: 1, 启动会话数: 1
2024-09-07 18:37:48,346	[INFO]	(client.py:242)bot_connect	[botpy] 会话启动中...
2024-09-07 18:37:48,347	[INFO]	(gateway.py:115)ws_connect	[botpy] 启动中...
2024-09-07 18:37:48,488	[INFO]	(gateway.py:175)ws_resume	[botpy] 重连启动...
2024-09-07 18:37:48,573	[INFO]	(gateway.py:90)on_message	[botpy] 机器人重连成功! 
2024-09-07 18:37:48,573	[INFO]	(gateway.py:223)_send_heart	[botpy] 心跳维持启动...
2024-09-07 18:47:13,996	[INFO]	(gateway.py:56)on_closed	[botpy] 关闭, 返回码: 4009, 返回信息: Session timed out
2024-09-07 18:47:13,997	[INFO]	(gateway.py:134)ws_connect	[botpy] ws关闭, 停止接收消息!
2024-09-07 18:47:19,005	[INFO]	(connection.py:60)multi_run	[botpy] 最大并发连接数: 1, 启动会话数: 1
2024-09-07 18:47:19,006	[INFO]	(client.py:242)bot_connect	[botpy] 会话启动中...
2024-09-07 18:47:19,006	[INFO]	(gateway.py:115)ws_connect	[botpy] 启动中...
2024-09-07 18:47:19,175	[INFO]	(gateway.py:175)ws_resume	[botpy] 重连启动...
2024-09-07 18:47:19,258	[INFO]	(gateway.py:90)on_message	[botpy] 机器人重连成功! 
2024-09-07 18:47:19,258	[INFO]	(gateway.py:223)_send_heart	[botpy] 心跳维持启动...
2024-09-07 19:07:48,351	[INFO]	(gateway.py:56)on_closed	[botpy] 关闭, 返回码: 4009, 返回信息: Session timed out
2024-09-07 19:07:48,352	[INFO]	(gateway.py:134)ws_connect	[botpy] ws关闭, 停止接收消息!
2024-09-07 19:07:53,366	[INFO]	(connection.py:60)multi_run	[botpy] 最大并发连接数: 1, 启动会话数: 1
2024-09-07 19:07:53,366	[INFO]	(client.py:242)bot_connect	[botpy] 会话启动中...
2024-09-07 19:07:53,366	[INFO]	(gateway.py:115)ws_connect	[botpy] 启动中...
2024-09-07 19:07:53,468	[INFO]	(gateway.py:175)ws_resume	[botpy] 重连启动...
2024-09-07 19:07:53,621	[INFO]	(robot.py:65)update_access_token	[botpy] access_token expires_in 6029
2024-09-07 19:07:53,688	[INFO]	(gateway.py:90)on_message	[botpy] 机器人重连成功! 
2024-09-07 19:07:53,689	[INFO]	(gateway.py:223)_send_heart	[botpy] 心跳维持启动...
2024-09-07 19:11:59,343	[INFO]	(main.py:108)on_at_message_create	http://thirdqq.qlogo.cn/g?b=oidb&k=GDN9NcpPZy9PzN3sVtrDYA&kti=ZnZ8mQAAAAE&s=0&t=1719040456
2024-09-07 19:12:03,101	[INFO]	(robot.py:65)update_access_token	[botpy] access_token expires_in 5780
2024-09-07 19:14:04,560	[INFO]	(main.py:108)on_at_message_create	http://thirdqq.qlogo.cn/g?b=oidb&k=GDN9NcpPZy9PzN3sVtrDYA&kti=ZnZ8mQAAAAE&s=0&t=1719040456
2024-09-07 19:14:07,429	[INFO]	(main.py:204)on_at_message_create	<@!8190411252888450728> /rating 13.4 100.5517
2024-09-07 19:14:07,429	[INFO]	(main.py:206)on_at_message_create	Neko
2024-09-07 19:14:18,154	[INFO]	(main.py:108)on_at_message_create	http://thirdqq.qlogo.cn/g?b=oidb&k=GDN9NcpPZy9PzN3sVtrDYA&kti=ZnZ8mQAAAAE&s=0&t=1719040456
2024-09-07 19:14:21,018	[INFO]	(main.py:204)on_at_message_create	<@!8190411252888450728> /rating 13.4 101
2024-09-07 19:14:21,019	[INFO]	(main.py:206)on_at_message_create	Neko
2024-09-07 19:14:28,729	[INFO]	(main.py:108)on_at_message_create	http://thirdqq.qlogo.cn/g?b=oidb&k=GDN9NcpPZy9PzN3sVtrDYA&kti=ZnZ8mQAAAAE&s=0&t=1719040456
2024-09-07 19:14:30,175	[INFO]	(main.py:204)on_at_message_create	<@!8190411252888450728> /今日份的舞萌
2024-09-07 19:14:30,175	[INFO]	(main.py:206)on_at_message_create	Neko
2024-09-07 19:14:36,788	[INFO]	(main.py:108)on_at_message_create	http://thirdqq.qlogo.cn/g?b=oidb&k=GDN9NcpPZy9PzN3sVtrDYA&kti=ZnZ8mQAAAAE&s=0&t=1719040456
2024-09-07 19:14:41,034	[INFO]	(main.py:204)on_at_message_create	<@!8190411252888450728> /舞萌运势
2024-09-07 19:14:41,035	[INFO]	(main.py:206)on_at_message_create	Neko
2024-09-07 19:14:48,875	[INFO]	(main.py:108)on_at_message_create	http://thirdqq.qlogo.cn/g?b=oidb&k=GDN9NcpPZy9PzN3sVtrDYA&kti=ZnZ8mQAAAAE&s=0&t=1719040456
2024-09-07 19:14:51,694	[INFO]	(main.py:204)on_at_message_create	<@!8190411252888450728> /lucky
2024-09-07 19:14:51,694	[INFO]	(main.py:206)on_at_message_create	Neko
2024-09-07 19:17:19,040	[INFO]	(gateway.py:56)on_closed	[botpy] 关闭, 返回码: 4009, 返回信息: Session timed out
2024-09-07 19:17:19,041	[INFO]	(gateway.py:134)ws_connect	[botpy] ws关闭, 停止接收消息!
2024-09-07 19:17:24,058	[INFO]	(connection.py:60)multi_run	[botpy] 最大并发连接数: 1, 启动会话数: 1
2024-09-07 19:17:24,059	[INFO]	(client.py:242)bot_connect	[botpy] 会话启动中...
2024-09-07 19:17:24,059	[INFO]	(gateway.py:115)ws_connect	[botpy] 启动中...
2024-09-07 19:17:24,179	[INFO]	(gateway.py:175)ws_resume	[botpy] 重连启动...
2024-09-07 19:17:24,255	[INFO]	(gateway.py:90)on_message	[botpy] 机器人重连成功! 
2024-09-07 19:17:24,256	[INFO]	(gateway.py:223)_send_heart	[botpy] 心跳维持启动...
2024-09-07 19:37:53,332	[INFO]	(gateway.py:56)on_closed	[botpy] 关闭, 返回码: 4009, 返回信息: Session timed out
2024-09-07 19:37:53,333	[INFO]	(gateway.py:134)ws_connect	[botpy] ws关闭, 停止接收消息!
2024-09-07 19:37:58,340	[INFO]	(connection.py:60)multi_run	[botpy] 最大并发连接数: 1, 启动会话数: 1
2024-09-07 19:37:58,341	[INFO]	(client.py:242)bot_connect	[botpy] 会话启动中...
2024-09-07 19:37:58,342	[INFO]	(gateway.py:115)ws_connect	[botpy] 启动中...
2024-09-07 19:37:58,483	[INFO]	(gateway.py:175)ws_resume	[botpy] 重连启动...
2024-09-07 19:37:58,574	[INFO]	(gateway.py:90)on_message	[botpy] 机器人重连成功! 
2024-09-07 19:37:58,575	[INFO]	(gateway.py:223)_send_heart	[botpy] 心跳维持启动...
2024-09-07 19:47:24,043	[INFO]	(gateway.py:56)on_closed	[botpy] 关闭, 返回码: 4009, 返回信息: Session timed out
2024-09-07 19:47:24,044	[INFO]	(gateway.py:134)ws_connect	[botpy] ws关闭, 停止接收消息!
2024-09-07 19:47:29,042	[INFO]	(connection.py:60)multi_run	[botpy] 最大并发连接数: 1, 启动会话数: 1
2024-09-07 19:47:29,043	[INFO]	(client.py:242)bot_connect	[botpy] 会话启动中...
2024-09-07 19:47:29,044	[INFO]	(gateway.py:115)ws_connect	[botpy] 启动中...
2024-09-07 19:47:29,202	[INFO]	(gateway.py:175)ws_resume	[botpy] 重连启动...
2024-09-07 19:47:29,288	[INFO]	(gateway.py:90)on_message	[botpy] 机器人重连成功! 
2024-09-07 19:47:29,289	[INFO]	(gateway.py:223)_send_heart	[botpy] 心跳维持启动...
2024-09-07 20:07:58,348	[INFO]	(gateway.py:56)on_closed	[botpy] 关闭, 返回码: 4009, 返回信息: Session timed out
2024-09-07 20:07:58,351	[INFO]	(gateway.py:134)ws_connect	[botpy] ws关闭, 停止接收消息!
2024-09-07 20:08:03,353	[INFO]	(connection.py:60)multi_run	[botpy] 最大并发连接数: 1, 启动会话数: 1
2024-09-07 20:08:03,354	[INFO]	(client.py:242)bot_connect	[botpy] 会话启动中...
2024-09-07 20:08:03,355	[INFO]	(gateway.py:115)ws_connect	[botpy] 启动中...
2024-09-07 20:08:03,489	[INFO]	(gateway.py:175)ws_resume	[botpy] 重连启动...
2024-09-07 20:08:03,577	[INFO]	(gateway.py:90)on_message	[botpy] 机器人重连成功! 
2024-09-07 20:08:03,578	[INFO]	(gateway.py:223)_send_heart	[botpy] 心跳维持启动...
2024-09-07 20:17:29,065	[INFO]	(gateway.py:56)on_closed	[botpy] 关闭, 返回码: 4009, 返回信息: Session timed out
2024-09-07 20:17:29,066	[INFO]	(gateway.py:134)ws_connect	[botpy] ws关闭, 停止接收消息!
2024-09-07 20:17:34,081	[INFO]	(connection.py:60)multi_run	[botpy] 最大并发连接数: 1, 启动会话数: 1
2024-09-07 20:17:34,082	[INFO]	(client.py:242)bot_connect	[botpy] 会话启动中...
2024-09-07 20:17:34,082	[INFO]	(gateway.py:115)ws_connect	[botpy] 启动中...
2024-09-07 20:17:34,211	[INFO]	(gateway.py:175)ws_resume	[botpy] 重连启动...
2024-09-07 20:17:34,288	[INFO]	(gateway.py:90)on_message	[botpy] 机器人重连成功! 
2024-09-07 20:17:34,289	[INFO]	(gateway.py:223)_send_heart	[botpy] 心跳维持启动...
2024-09-07 20:38:03,352	[INFO]	(gateway.py:56)on_closed	[botpy] 关闭, 返回码: 4009, 返回信息: Session timed out
2024-09-07 20:38:03,354	[INFO]	(gateway.py:134)ws_connect	[botpy] ws关闭, 停止接收消息!
2024-09-07 20:38:08,356	[INFO]	(connection.py:60)multi_run	[botpy] 最大并发连接数: 1, 启动会话数: 1
2024-09-07 20:38:08,356	[INFO]	(client.py:242)bot_connect	[botpy] 会话启动中...
2024-09-07 20:38:08,357	[INFO]	(gateway.py:115)ws_connect	[botpy] 启动中...
2024-09-07 20:38:08,485	[INFO]	(gateway.py:175)ws_resume	[botpy] 重连启动...
2024-09-07 20:38:08,572	[INFO]	(gateway.py:90)on_message	[botpy] 机器人重连成功! 
2024-09-07 20:38:08,572	[INFO]	(gateway.py:223)_send_heart	[botpy] 心跳维持启动...
2024-09-07 20:47:34,074	[INFO]	(gateway.py:56)on_closed	[botpy] 关闭, 返回码: 4009, 返回信息: Session timed out
2024-09-07 20:47:34,075	[INFO]	(gateway.py:134)ws_connect	[botpy] ws关闭, 停止接收消息!
2024-09-07 20:47:39,084	[INFO]	(connection.py:60)multi_run	[botpy] 最大并发连接数: 1, 启动会话数: 1
2024-09-07 20:47:39,084	[INFO]	(client.py:242)bot_connect	[botpy] 会话启动中...
2024-09-07 20:47:39,085	[INFO]	(gateway.py:115)ws_connect	[botpy] 启动中...
2024-09-07 20:47:39,254	[INFO]	(gateway.py:175)ws_resume	[botpy] 重连启动...
2024-09-07 20:47:39,343	[INFO]	(gateway.py:90)on_message	[botpy] 机器人重连成功! 
2024-09-07 20:47:39,343	[INFO]	(gateway.py:223)_send_heart	[botpy] 心跳维持启动...
2024-09-07 21:08:08,352	[INFO]	(gateway.py:56)on_closed	[botpy] 关闭, 返回码: 4009, 返回信息: Session timed out
2024-09-07 21:08:08,353	[INFO]	(gateway.py:134)ws_connect	[botpy] ws关闭, 停止接收消息!
2024-09-07 21:08:13,365	[INFO]	(connection.py:60)multi_run	[botpy] 最大并发连接数: 1, 启动会话数: 1
2024-09-07 21:08:13,365	[INFO]	(client.py:242)bot_connect	[botpy] 会话启动中...
2024-09-07 21:08:13,366	[INFO]	(gateway.py:115)ws_connect	[botpy] 启动中...
2024-09-07 21:08:13,522	[INFO]	(gateway.py:175)ws_resume	[botpy] 重连启动...
2024-09-07 21:08:13,752	[INFO]	(robot.py:65)update_access_token	[botpy] access_token expires_in 7200
2024-09-07 21:08:13,838	[INFO]	(gateway.py:90)on_message	[botpy] 机器人重连成功! 
2024-09-07 21:08:13,839	[INFO]	(gateway.py:223)_send_heart	[botpy] 心跳维持启动...
2024-09-07 21:17:39,120	[INFO]	(gateway.py:56)on_closed	[botpy] 关闭, 返回码: 4009, 返回信息: Session timed out
2024-09-07 21:17:39,121	[INFO]	(gateway.py:134)ws_connect	[botpy] ws关闭, 停止接收消息!
2024-09-07 21:17:44,123	[INFO]	(connection.py:60)multi_run	[botpy] 最大并发连接数: 1, 启动会话数: 1
2024-09-07 21:17:44,124	[INFO]	(client.py:242)bot_connect	[botpy] 会话启动中...
2024-09-07 21:17:44,125	[INFO]	(gateway.py:115)ws_connect	[botpy] 启动中...
2024-09-07 21:17:44,275	[INFO]	(gateway.py:175)ws_resume	[botpy] 重连启动...
2024-09-07 21:17:44,405	[INFO]	(robot.py:65)update_access_token	[botpy] access_token expires_in 6629
2024-09-07 21:17:44,606	[INFO]	(gateway.py:90)on_message	[botpy] 机器人重连成功! 
2024-09-07 21:17:44,607	[INFO]	(gateway.py:223)_send_heart	[botpy] 心跳维持启动...
2024-09-07 21:38:13,388	[INFO]	(gateway.py:56)on_closed	[botpy] 关闭, 返回码: 4009, 返回信息: Session timed out
2024-09-07 21:38:13,390	[INFO]	(gateway.py:134)ws_connect	[botpy] ws关闭, 停止接收消息!
2024-09-07 21:38:18,402	[INFO]	(connection.py:60)multi_run	[botpy] 最大并发连接数: 1, 启动会话数: 1
2024-09-07 21:38:18,402	[INFO]	(client.py:242)bot_connect	[botpy] 会话启动中...
2024-09-07 21:38:18,402	[INFO]	(gateway.py:115)ws_connect	[botpy] 启动中...
2024-09-07 21:38:18,543	[INFO]	(gateway.py:175)ws_resume	[botpy] 重连启动...
2024-09-07 21:38:18,642	[INFO]	(gateway.py:90)on_message	[botpy] 机器人重连成功! 
2024-09-07 21:38:18,642	[INFO]	(gateway.py:223)_send_heart	[botpy] 心跳维持启动...
2024-09-07 21:47:44,142	[INFO]	(gateway.py:56)on_closed	[botpy] 关闭, 返回码: 4009, 返回信息: Session timed out
2024-09-07 21:47:44,143	[INFO]	(gateway.py:134)ws_connect	[botpy] ws关闭, 停止接收消息!
2024-09-07 21:47:49,145	[INFO]	(connection.py:60)multi_run	[botpy] 最大并发连接数: 1, 启动会话数: 1
2024-09-07 21:47:49,145	[INFO]	(client.py:242)bot_connect	[botpy] 会话启动中...
2024-09-07 21:47:49,146	[INFO]	(gateway.py:115)ws_connect	[botpy] 启动中...
2024-09-07 21:47:49,305	[INFO]	(gateway.py:175)ws_resume	[botpy] 重连启动...
2024-09-07 21:47:49,395	[INFO]	(gateway.py:90)on_message	[botpy] 机器人重连成功! 
2024-09-07 21:47:49,395	[INFO]	(gateway.py:223)_send_heart	[botpy] 心跳维持启动...
2024-09-07 22:08:18,407	[INFO]	(gateway.py:56)on_closed	[botpy] 关闭, 返回码: 4009, 返回信息: Session timed out
2024-09-07 22:08:18,408	[INFO]	(gateway.py:134)ws_connect	[botpy] ws关闭, 停止接收消息!
2024-09-07 22:08:23,416	[INFO]	(connection.py:60)multi_run	[botpy] 最大并发连接数: 1, 启动会话数: 1
2024-09-07 22:08:23,416	[INFO]	(client.py:242)bot_connect	[botpy] 会话启动中...
2024-09-07 22:08:23,417	[INFO]	(gateway.py:115)ws_connect	[botpy] 启动中...
2024-09-07 22:08:23,548	[INFO]	(gateway.py:175)ws_resume	[botpy] 重连启动...
2024-09-07 22:08:23,639	[INFO]	(gateway.py:90)on_message	[botpy] 机器人重连成功! 
2024-09-07 22:08:23,639	[INFO]	(gateway.py:223)_send_heart	[botpy] 心跳维持启动...
2024-09-07 22:17:49,169	[INFO]	(gateway.py:56)on_closed	[botpy] 关闭, 返回码: 4009, 返回信息: Session timed out
2024-09-07 22:17:49,170	[INFO]	(gateway.py:134)ws_connect	[botpy] ws关闭, 停止接收消息!
2024-09-07 22:17:54,175	[INFO]	(connection.py:60)multi_run	[botpy] 最大并发连接数: 1, 启动会话数: 1
2024-09-07 22:17:54,175	[INFO]	(client.py:242)bot_connect	[botpy] 会话启动中...
2024-09-07 22:17:54,176	[INFO]	(gateway.py:115)ws_connect	[botpy] 启动中...
2024-09-07 22:17:54,337	[INFO]	(gateway.py:175)ws_resume	[botpy] 重连启动...
2024-09-07 22:17:54,427	[INFO]	(gateway.py:90)on_message	[botpy] 机器人重连成功! 
2024-09-07 22:17:54,428	[INFO]	(gateway.py:223)_send_heart	[botpy] 心跳维持启动...
2024-09-07 22:38:23,411	[INFO]	(gateway.py:56)on_closed	[botpy] 关闭, 返回码: 4009, 返回信息: Session timed out
2024-09-07 22:38:23,413	[INFO]	(gateway.py:134)ws_connect	[botpy] ws关闭, 停止接收消息!
2024-09-07 22:38:28,429	[INFO]	(connection.py:60)multi_run	[botpy] 最大并发连接数: 1, 启动会话数: 1
2024-09-07 22:38:28,430	[INFO]	(client.py:242)bot_connect	[botpy] 会话启动中...
2024-09-07 22:38:28,430	[INFO]	(gateway.py:115)ws_connect	[botpy] 启动中...
2024-09-07 22:38:28,559	[INFO]	(gateway.py:175)ws_resume	[botpy] 重连启动...
2024-09-07 22:38:28,652	[INFO]	(gateway.py:90)on_message	[botpy] 机器人重连成功! 
2024-09-07 22:38:28,652	[INFO]	(gateway.py:223)_send_heart	[botpy] 心跳维持启动...
2024-09-07 22:47:54,201	[INFO]	(gateway.py:56)on_closed	[botpy] 关闭, 返回码: 4009, 返回信息: Session timed out
2024-09-07 22:47:54,218	[INFO]	(gateway.py:134)ws_connect	[botpy] ws关闭, 停止接收消息!
2024-09-07 22:47:59,217	[INFO]	(connection.py:60)multi_run	[botpy] 最大并发连接数: 1, 启动会话数: 1
2024-09-07 22:47:59,218	[INFO]	(client.py:242)bot_connect	[botpy] 会话启动中...
2024-09-07 22:47:59,218	[INFO]	(gateway.py:115)ws_connect	[botpy] 启动中...
2024-09-07 22:47:59,442	[INFO]	(gateway.py:175)ws_resume	[botpy] 重连启动...
2024-09-07 22:47:59,519	[INFO]	(gateway.py:90)on_message	[botpy] 机器人重连成功! 
2024-09-07 22:47:59,519	[INFO]	(gateway.py:223)_send_heart	[botpy] 心跳维持启动...
2024-09-07 23:02:46,304	[INFO]	(group.py:221)on_group_at_message_create	{'id': 'ROBOT1.0_I.p9l5CsN3t.a9xwxvue-2Qb-VV11hZKf-BhxbXxQVK0axClz4C010n2pYBDahbmtL5VzMSOL9VoAYdDFa0ghA!!', 'timestamp': '2024-09-07T23:02:48+08:00'}
2024-09-07 23:03:11,365	[INFO]	(group.py:221)on_group_at_message_create	{'id': 'ROBOT1.0_I.p9l5CsN3t.a9xwxvue-7-uskejygbnD1Yi253DZluR3H3fQjcVr9Nt7by0Gaepb.yphtmo47fh5NQkHBrQVA!!', 'timestamp': '2024-09-07T23:03:13+08:00'}
2024-09-07 23:04:32,373	[INFO]	(group.py:221)on_group_at_message_create	{'id': 'ROBOT1.0_I.p9l5CsN3t.a9xwxvue-z2eG62hczTjMrrSdAA9gQ6HRLy4WJVr8tMAn1IUpde3oKcv4pyyjeyOGpD4F5fhXQ!!', 'timestamp': '2024-09-07T23:04:34+08:00'}
2024-09-07 23:04:59,555	[INFO]	(group.py:221)on_group_at_message_create	{'id': 'ROBOT1.0_I.p9l5CsN3t.a9xwxvue-4rxE1u1B2l5PMLja9pshwyFipSIN2mQO1TsyWPAset-jZhFwVR8Z94mX7hp9t1XAA!!', 'timestamp': '2024-09-07T23:05:02+08:00'}
2024-09-07 23:08:28,422	[INFO]	(gateway.py:56)on_closed	[botpy] 关闭, 返回码: 4009, 返回信息: Session timed out
2024-09-07 23:08:28,422	[INFO]	(gateway.py:134)ws_connect	[botpy] ws关闭, 停止接收消息!
2024-09-07 23:08:33,429	[INFO]	(connection.py:60)multi_run	[botpy] 最大并发连接数: 1, 启动会话数: 1
2024-09-07 23:08:33,429	[INFO]	(client.py:242)bot_connect	[botpy] 会话启动中...
2024-09-07 23:08:33,429	[INFO]	(gateway.py:115)ws_connect	[botpy] 启动中...
2024-09-07 23:08:33,601	[INFO]	(gateway.py:175)ws_resume	[botpy] 重连启动...
2024-09-07 23:08:34,174	[INFO]	(robot.py:65)update_access_token	[botpy] access_token expires_in 7200
2024-09-07 23:08:34,243	[INFO]	(gateway.py:90)on_message	[botpy] 机器人重连成功! 
2024-09-07 23:08:34,243	[INFO]	(gateway.py:223)_send_heart	[botpy] 心跳维持启动...
2024-09-07 23:17:59,306	[INFO]	(gateway.py:56)on_closed	[botpy] 关闭, 返回码: 4009, 返回信息: Session timed out
2024-09-07 23:17:59,307	[INFO]	(gateway.py:134)ws_connect	[botpy] ws关闭, 停止接收消息!
2024-09-07 23:18:04,324	[INFO]	(connection.py:60)multi_run	[botpy] 最大并发连接数: 1, 启动会话数: 1
2024-09-07 23:18:04,324	[INFO]	(client.py:242)bot_connect	[botpy] 会话启动中...
2024-09-07 23:18:04,325	[INFO]	(gateway.py:115)ws_connect	[botpy] 启动中...
2024-09-07 23:18:04,476	[INFO]	(gateway.py:175)ws_resume	[botpy] 重连启动...
2024-09-07 23:18:05,060	[INFO]	(robot.py:65)update_access_token	[botpy] access_token expires_in 6629
2024-09-07 23:18:05,147	[INFO]	(gateway.py:90)on_message	[botpy] 机器人重连成功! 
2024-09-07 23:18:05,172	[INFO]	(gateway.py:223)_send_heart	[botpy] 心跳维持启动...
2024-09-07 23:38:33,409	[INFO]	(gateway.py:56)on_closed	[botpy] 关闭, 返回码: 4009, 返回信息: Session timed out
2024-09-07 23:38:33,410	[INFO]	(gateway.py:134)ws_connect	[botpy] ws关闭, 停止接收消息!
2024-09-07 23:38:38,431	[INFO]	(connection.py:60)multi_run	[botpy] 最大并发连接数: 1, 启动会话数: 1
2024-09-07 23:38:38,431	[INFO]	(client.py:242)bot_connect	[botpy] 会话启动中...
2024-09-07 23:38:38,432	[INFO]	(gateway.py:115)ws_connect	[botpy] 启动中...
2024-09-07 23:38:38,606	[INFO]	(gateway.py:175)ws_resume	[botpy] 重连启动...
2024-09-07 23:38:38,694	[INFO]	(gateway.py:90)on_message	[botpy] 机器人重连成功! 
2024-09-07 23:38:38,706	[INFO]	(gateway.py:223)_send_heart	[botpy] 心跳维持启动...
2024-09-07 23:48:04,341	[INFO]	(gateway.py:56)on_closed	[botpy] 关闭, 返回码: 4009, 返回信息: Session timed out
2024-09-07 23:48:04,343	[INFO]	(gateway.py:134)ws_connect	[botpy] ws关闭, 停止接收消息!
2024-09-07 23:48:09,335	[INFO]	(connection.py:60)multi_run	[botpy] 最大并发连接数: 1, 启动会话数: 1
2024-09-07 23:48:09,336	[INFO]	(client.py:242)bot_connect	[botpy] 会话启动中...
2024-09-07 23:48:09,337	[INFO]	(gateway.py:115)ws_connect	[botpy] 启动中...
2024-09-07 23:48:09,523	[INFO]	(gateway.py:175)ws_resume	[botpy] 重连启动...
2024-09-07 23:48:09,602	[INFO]	(gateway.py:90)on_message	[botpy] 机器人重连成功! 
2024-09-07 23:48:09,602	[INFO]	(gateway.py:223)_send_heart	[botpy] 心跳维持启动...
2024-09-08 00:08:41,502	[INFO]	(gateway.py:56)on_closed	[botpy] 关闭, 返回码: 4009, 返回信息: Session timed out
2024-09-08 00:08:41,502	[INFO]	(gateway.py:134)ws_connect	[botpy] ws关闭, 停止接收消息!
2024-09-08 00:08:46,494	[INFO]	(connection.py:60)multi_run	[botpy] 最大并发连接数: 1, 启动会话数: 1
2024-09-08 00:08:46,495	[INFO]	(client.py:242)bot_connect	[botpy] 会话启动中...
2024-09-08 00:08:46,495	[INFO]	(gateway.py:115)ws_connect	[botpy] 启动中...
2024-09-08 00:08:46,654	[INFO]	(gateway.py:175)ws_resume	[botpy] 重连启动...
2024-09-08 00:08:46,736	[INFO]	(gateway.py:90)on_message	[botpy] 机器人重连成功! 
2024-09-08 00:08:46,759	[INFO]	(gateway.py:223)_send_heart	[botpy] 心跳维持启动...
2024-09-08 00:18:12,421	[INFO]	(gateway.py:56)on_closed	[botpy] 关闭, 返回码: 4009, 返回信息: Session timed out
2024-09-08 00:18:12,422	[INFO]	(gateway.py:134)ws_connect	[botpy] ws关闭, 停止接收消息!
2024-09-08 00:18:17,423	[INFO]	(connection.py:60)multi_run	[botpy] 最大并发连接数: 1, 启动会话数: 1
2024-09-08 00:18:17,423	[INFO]	(client.py:242)bot_connect	[botpy] 会话启动中...
2024-09-08 00:18:17,423	[INFO]	(gateway.py:115)ws_connect	[botpy] 启动中...
2024-09-08 00:18:17,651	[INFO]	(gateway.py:175)ws_resume	[botpy] 重连启动...
2024-09-08 00:18:17,760	[INFO]	(gateway.py:90)on_message	[botpy] 机器人重连成功! 
2024-09-08 00:18:17,761	[INFO]	(gateway.py:223)_send_heart	[botpy] 心跳维持启动...
2024-09-08 00:38:46,516	[INFO]	(gateway.py:56)on_closed	[botpy] 关闭, 返回码: 4009, 返回信息: Session timed out
2024-09-08 00:38:46,517	[INFO]	(gateway.py:134)ws_connect	[botpy] ws关闭, 停止接收消息!
2024-09-08 00:38:51,530	[INFO]	(connection.py:60)multi_run	[botpy] 最大并发连接数: 1, 启动会话数: 1
2024-09-08 00:38:51,530	[INFO]	(client.py:242)bot_connect	[botpy] 会话启动中...
2024-09-08 00:38:51,530	[INFO]	(gateway.py:115)ws_connect	[botpy] 启动中...
2024-09-08 00:38:51,715	[INFO]	(gateway.py:175)ws_resume	[botpy] 重连启动...
2024-09-08 00:38:51,800	[INFO]	(gateway.py:90)on_message	[botpy] 机器人重连成功! 
2024-09-08 00:38:51,801	[INFO]	(gateway.py:223)_send_heart	[botpy] 心跳维持启动...
2024-09-08 00:48:17,512	[INFO]	(gateway.py:56)on_closed	[botpy] 关闭, 返回码: 4009, 返回信息: Session timed out
2024-09-08 00:48:17,513	[INFO]	(gateway.py:134)ws_connect	[botpy] ws关闭, 停止接收消息!
2024-09-08 00:48:22,510	[INFO]	(connection.py:60)multi_run	[botpy] 最大并发连接数: 1, 启动会话数: 1
2024-09-08 00:48:22,510	[INFO]	(client.py:242)bot_connect	[botpy] 会话启动中...
2024-09-08 00:48:22,511	[INFO]	(gateway.py:115)ws_connect	[botpy] 启动中...
2024-09-08 00:48:22,682	[INFO]	(gateway.py:175)ws_resume	[botpy] 重连启动...
2024-09-08 00:48:22,774	[INFO]	(gateway.py:90)on_message	[botpy] 机器人重连成功! 
2024-09-08 00:48:22,812	[INFO]	(gateway.py:223)_send_heart	[botpy] 心跳维持启动...
2024-09-08 18:08:27,259	[INFO]	(client.py:162)_bot_login	[botpy] 登录机器人账号中...
2024-09-08 18:08:27,671	[INFO]	(robot.py:65)update_access_token	[botpy] access_token expires_in 7200
2024-09-08 18:08:27,829	[ERROR]	(http.py:76)_handle_response	[botpy] 接口请求异常，请求连接: https://api.sgroup.qq.com/users/@me, 错误代码: 401, 返回内容: {'message': '接口访问源IP不在白名单', 'code': 11298, 'err_code': 40023002, 'trace_id': '71055dac10b6f045189474be70afbf4f'}, trace_id:71055dac10b6f045189474be70afbf4f
2024-09-08 18:09:16,281	[INFO]	(client.py:162)_bot_login	[botpy] 登录机器人账号中...
2024-09-08 18:09:16,567	[INFO]	(robot.py:65)update_access_token	[botpy] access_token expires_in 7151
2024-09-08 18:09:17,055	[INFO]	(client.py:181)_bot_init	[botpy] 程序启动...
2024-09-08 18:09:17,055	[INFO]	(connection.py:60)multi_run	[botpy] 最大并发连接数: 1, 启动会话数: 1
2024-09-08 18:09:17,056	[INFO]	(client.py:242)bot_connect	[botpy] 会话启动中...
2024-09-08 18:09:17,056	[INFO]	(gateway.py:115)ws_connect	[botpy] 启动中...
2024-09-08 18:09:17,190	[INFO]	(gateway.py:142)ws_identify	[botpy] 鉴权中...
2024-09-08 18:09:17,253	[INFO]	(gateway.py:56)on_closed	[botpy] 关闭, 返回码: 4924, 返回信息: session ip forbidden
2024-09-08 18:09:17,253	[INFO]	(gateway.py:62)on_closed	[botpy] 无法重连，创建新连接!
2024-09-08 18:09:17,254	[INFO]	(gateway.py:134)ws_connect	[botpy] ws关闭, 停止接收消息!
2024-09-08 18:09:22,263	[INFO]	(connection.py:60)multi_run	[botpy] 最大并发连接数: 1, 启动会话数: 1
2024-09-08 18:09:22,264	[INFO]	(client.py:242)bot_connect	[botpy] 会话启动中...
2024-09-08 18:09:22,264	[INFO]	(gateway.py:115)ws_connect	[botpy] 启动中...
2024-09-08 18:09:22,425	[INFO]	(gateway.py:142)ws_identify	[botpy] 鉴权中...
2024-09-08 18:09:22,503	[INFO]	(gateway.py:56)on_closed	[botpy] 关闭, 返回码: 4924, 返回信息: session ip forbidden
2024-09-08 18:09:22,503	[INFO]	(gateway.py:62)on_closed	[botpy] 无法重连，创建新连接!
2024-09-08 18:09:22,504	[INFO]	(gateway.py:134)ws_connect	[botpy] ws关闭, 停止接收消息!
2024-09-08 18:09:27,523	[INFO]	(connection.py:60)multi_run	[botpy] 最大并发连接数: 1, 启动会话数: 1
2024-09-08 18:09:27,523	[INFO]	(client.py:242)bot_connect	[botpy] 会话启动中...
2024-09-08 18:09:27,523	[INFO]	(gateway.py:115)ws_connect	[botpy] 启动中...
2024-09-08 18:09:27,670	[INFO]	(gateway.py:142)ws_identify	[botpy] 鉴权中...
2024-09-08 18:09:27,717	[INFO]	(gateway.py:56)on_closed	[botpy] 关闭, 返回码: 4924, 返回信息: session ip forbidden
2024-09-08 18:09:27,718	[INFO]	(gateway.py:62)on_closed	[botpy] 无法重连，创建新连接!
2024-09-08 18:09:27,718	[INFO]	(gateway.py:134)ws_connect	[botpy] ws关闭, 停止接收消息!
2024-09-08 18:09:32,724	[INFO]	(connection.py:60)multi_run	[botpy] 最大并发连接数: 1, 启动会话数: 1
2024-09-08 18:09:32,726	[INFO]	(client.py:242)bot_connect	[botpy] 会话启动中...
2024-09-08 18:09:32,726	[INFO]	(gateway.py:115)ws_connect	[botpy] 启动中...
2024-09-08 18:09:32,867	[INFO]	(gateway.py:142)ws_identify	[botpy] 鉴权中...
2024-09-08 18:09:32,938	[INFO]	(gateway.py:85)on_message	[botpy] 机器人「NekoBot-测试中」启动成功！
2024-09-08 18:09:32,938	[INFO]	(gateway.py:223)_send_heart	[botpy] 心跳维持启动...
2024-09-08 18:09:32,939	[INFO]	(main.py:130)on_ready	「NekoBot-测试中」准备好了喵~
2024-09-08 18:09:59,040	[INFO]	(main.py:133)on_at_message_create	http://thirdqq.qlogo.cn/g?b=oidb&k=GDN9NcpPZy9PzN3sVtrDYA&kti=ZnZ8mQAAAAE&s=0&t=1719040456
2024-09-08 18:10:37,967	[INFO]	(client.py:162)_bot_login	[botpy] 登录机器人账号中...
2024-09-08 18:10:38,183	[INFO]	(robot.py:65)update_access_token	[botpy] access_token expires_in 7069
2024-09-08 18:10:38,621	[INFO]	(client.py:181)_bot_init	[botpy] 程序启动...
2024-09-08 18:10:38,621	[INFO]	(connection.py:60)multi_run	[botpy] 最大并发连接数: 1, 启动会话数: 1
2024-09-08 18:10:38,622	[INFO]	(client.py:242)bot_connect	[botpy] 会话启动中...
2024-09-08 18:10:38,622	[INFO]	(gateway.py:115)ws_connect	[botpy] 启动中...
2024-09-08 18:10:38,742	[INFO]	(gateway.py:142)ws_identify	[botpy] 鉴权中...
2024-09-08 18:10:38,840	[INFO]	(gateway.py:85)on_message	[botpy] 机器人「NekoBot-测试中」启动成功！
2024-09-08 18:10:38,840	[INFO]	(gateway.py:223)_send_heart	[botpy] 心跳维持启动...
2024-09-08 18:10:38,841	[INFO]	(main.py:130)on_ready	「NekoBot-测试中」准备好了喵~
2024-09-08 18:10:49,017	[INFO]	(main.py:133)on_at_message_create	http://thirdqq.qlogo.cn/g?b=oidb&k=GDN9NcpPZy9PzN3sVtrDYA&kti=ZnZ8mQAAAAE&s=0&t=1719040456
2024-09-08 18:10:50,424	[INFO]	(main.py:273)on_at_message_create	<@!8190411252888450728> /查歌 1 海底谭
2024-09-08 18:10:50,425	[INFO]	(main.py:275)on_at_message_create	Neko
2024-09-08 18:11:21,528	[INFO]	(client.py:162)_bot_login	[botpy] 登录机器人账号中...
2024-09-08 18:11:21,719	[INFO]	(robot.py:65)update_access_token	[botpy] access_token expires_in 7026
2024-09-08 18:11:22,145	[INFO]	(client.py:181)_bot_init	[botpy] 程序启动...
2024-09-08 18:11:22,146	[INFO]	(connection.py:60)multi_run	[botpy] 最大并发连接数: 1, 启动会话数: 1
2024-09-08 18:11:22,146	[INFO]	(client.py:242)bot_connect	[botpy] 会话启动中...
2024-09-08 18:11:22,146	[INFO]	(gateway.py:115)ws_connect	[botpy] 启动中...
2024-09-08 18:11:22,299	[INFO]	(gateway.py:142)ws_identify	[botpy] 鉴权中...
2024-09-08 18:11:22,393	[INFO]	(gateway.py:85)on_message	[botpy] 机器人「NekoBot-测试中」启动成功！
2024-09-08 18:11:22,393	[INFO]	(gateway.py:223)_send_heart	[botpy] 心跳维持启动...
2024-09-08 18:11:22,394	[INFO]	(main.py:130)on_ready	「NekoBot-测试中」准备好了喵~
2024-09-08 18:11:35,943	[INFO]	(main.py:133)on_at_message_create	http://thirdqq.qlogo.cn/g?b=oidb&k=GDN9NcpPZy9PzN3sVtrDYA&kti=ZnZ8mQAAAAE&s=0&t=1719040456
2024-09-08 18:11:36,825	[INFO]	(main.py:273)on_at_message_create	<@!8190411252888450728> /查歌 1 俊达萌
2024-09-08 18:11:36,826	[INFO]	(main.py:275)on_at_message_create	Neko
2024-09-08 18:15:21,864	[INFO]	(main.py:133)on_at_message_create	http://thirdqq.qlogo.cn/g?b=oidb&k=GDN9NcpPZy9PzN3sVtrDYA&kti=ZnZ8mQAAAAE&s=0&t=1719040456
2024-09-08 18:15:22,463	[INFO]	(main.py:273)on_at_message_create	<@!8190411252888450728> /查歌 1 拔大蒜
2024-09-08 18:15:22,464	[INFO]	(main.py:275)on_at_message_create	Neko
2024-09-08 18:16:05,378	[INFO]	(client.py:162)_bot_login	[botpy] 登录机器人账号中...
2024-09-08 18:16:05,603	[INFO]	(robot.py:65)update_access_token	[botpy] access_token expires_in 6742
2024-09-08 18:16:06,033	[INFO]	(client.py:181)_bot_init	[botpy] 程序启动...
2024-09-08 18:16:06,034	[INFO]	(connection.py:60)multi_run	[botpy] 最大并发连接数: 1, 启动会话数: 1
2024-09-08 18:16:06,034	[INFO]	(client.py:242)bot_connect	[botpy] 会话启动中...
2024-09-08 18:16:06,034	[INFO]	(gateway.py:115)ws_connect	[botpy] 启动中...
2024-09-08 18:16:06,204	[INFO]	(gateway.py:142)ws_identify	[botpy] 鉴权中...
2024-09-08 18:16:06,288	[INFO]	(gateway.py:85)on_message	[botpy] 机器人「NekoBot-测试中」启动成功！
2024-09-08 18:16:06,289	[INFO]	(gateway.py:223)_send_heart	[botpy] 心跳维持启动...
2024-09-08 18:16:06,289	[INFO]	(group.py:128)on_ready	「NekoBot-测试中」准备好了喵~
2024-09-08 18:17:39,332	[INFO]	(client.py:162)_bot_login	[botpy] 登录机器人账号中...
2024-09-08 18:17:39,492	[INFO]	(robot.py:65)update_access_token	[botpy] access_token expires_in 6648
2024-09-08 18:17:39,940	[INFO]	(client.py:181)_bot_init	[botpy] 程序启动...
2024-09-08 18:17:39,940	[INFO]	(connection.py:60)multi_run	[botpy] 最大并发连接数: 1, 启动会话数: 1
2024-09-08 18:17:39,941	[INFO]	(client.py:242)bot_connect	[botpy] 会话启动中...
2024-09-08 18:17:39,941	[INFO]	(gateway.py:115)ws_connect	[botpy] 启动中...
2024-09-08 18:17:40,114	[INFO]	(gateway.py:142)ws_identify	[botpy] 鉴权中...
2024-09-08 18:17:40,207	[INFO]	(gateway.py:85)on_message	[botpy] 机器人「NekoBot-测试中」启动成功！
2024-09-08 18:17:40,207	[INFO]	(gateway.py:223)_send_heart	[botpy] 心跳维持启动...
2024-09-08 18:17:40,208	[INFO]	(main.py:130)on_ready	「NekoBot-测试中」准备好了喵~
2024-09-08 18:17:59,489	[INFO]	(client.py:162)_bot_login	[botpy] 登录机器人账号中...
2024-09-08 18:17:59,675	[INFO]	(robot.py:65)update_access_token	[botpy] access_token expires_in 6628
2024-09-08 18:18:00,205	[INFO]	(client.py:181)_bot_init	[botpy] 程序启动...
2024-09-08 18:18:00,205	[INFO]	(connection.py:60)multi_run	[botpy] 最大并发连接数: 1, 启动会话数: 1
2024-09-08 18:18:00,206	[INFO]	(client.py:242)bot_connect	[botpy] 会话启动中...
2024-09-08 18:18:00,206	[INFO]	(gateway.py:115)ws_connect	[botpy] 启动中...
2024-09-08 18:18:00,336	[INFO]	(gateway.py:142)ws_identify	[botpy] 鉴权中...
2024-09-08 18:18:00,426	[INFO]	(gateway.py:85)on_message	[botpy] 机器人「NekoBot-测试中」启动成功！
2024-09-08 18:18:00,426	[INFO]	(gateway.py:223)_send_heart	[botpy] 心跳维持启动...
2024-09-08 18:18:00,427	[INFO]	(group.py:128)on_ready	「NekoBot-测试中」准备好了喵~
2024-09-08 18:18:26,370	[INFO]	(group.py:290)on_group_at_message_create	{'id': 'ROBOT1.0_I.p9l5CsN3t.a9xwxvue-zcFbZI2FsKZoHQh5CTI-Wn9jdwYEmDrImsuA8tX9Bx2tze7fwOfJQ05ylZmMhaKVw!!', 'timestamp': '2024-09-08T18:18:27+08:00'}
2024-09-08 18:47:39,979	[INFO]	(gateway.py:56)on_closed	[botpy] 关闭, 返回码: 4009, 返回信息: Session timed out
2024-09-08 18:47:39,979	[INFO]	(gateway.py:134)ws_connect	[botpy] ws关闭, 停止接收消息!
2024-09-08 18:47:44,987	[INFO]	(connection.py:60)multi_run	[botpy] 最大并发连接数: 1, 启动会话数: 1
2024-09-08 18:47:44,988	[INFO]	(client.py:242)bot_connect	[botpy] 会话启动中...
2024-09-08 18:47:44,988	[INFO]	(gateway.py:115)ws_connect	[botpy] 启动中...
2024-09-08 18:47:45,165	[INFO]	(gateway.py:175)ws_resume	[botpy] 重连启动...
2024-09-08 18:47:45,278	[INFO]	(gateway.py:90)on_message	[botpy] 机器人重连成功! 
2024-09-08 18:47:45,278	[INFO]	(gateway.py:223)_send_heart	[botpy] 心跳维持启动...
2024-09-08 18:48:00,200	[INFO]	(gateway.py:56)on_closed	[botpy] 关闭, 返回码: 4009, 返回信息: Session timed out
2024-09-08 18:48:00,200	[INFO]	(gateway.py:134)ws_connect	[botpy] ws关闭, 停止接收消息!
2024-09-08 18:48:05,198	[INFO]	(connection.py:60)multi_run	[botpy] 最大并发连接数: 1, 启动会话数: 1
2024-09-08 18:48:05,198	[INFO]	(client.py:242)bot_connect	[botpy] 会话启动中...
2024-09-08 18:48:05,198	[INFO]	(gateway.py:115)ws_connect	[botpy] 启动中...
2024-09-08 18:48:05,363	[INFO]	(gateway.py:175)ws_resume	[botpy] 重连启动...
2024-09-08 18:48:05,452	[INFO]	(gateway.py:90)on_message	[botpy] 机器人重连成功! 
2024-09-08 18:48:05,453	[INFO]	(gateway.py:223)_send_heart	[botpy] 心跳维持启动...
2024-09-08 19:17:45,030	[INFO]	(gateway.py:56)on_closed	[botpy] 关闭, 返回码: 4009, 返回信息: Session timed out
2024-09-08 19:17:45,030	[INFO]	(gateway.py:134)ws_connect	[botpy] ws关闭, 停止接收消息!
2024-09-08 19:17:50,054	[INFO]	(connection.py:60)multi_run	[botpy] 最大并发连接数: 1, 启动会话数: 1
2024-09-08 19:17:50,054	[INFO]	(client.py:242)bot_connect	[botpy] 会话启动中...
2024-09-08 19:17:50,054	[INFO]	(gateway.py:115)ws_connect	[botpy] 启动中...
2024-09-08 19:17:50,199	[INFO]	(gateway.py:175)ws_resume	[botpy] 重连启动...
2024-09-08 19:17:50,271	[INFO]	(gateway.py:90)on_message	[botpy] 机器人重连成功! 
2024-09-08 19:17:50,271	[INFO]	(gateway.py:223)_send_heart	[botpy] 心跳维持启动...
2024-09-08 19:18:05,228	[INFO]	(gateway.py:56)on_closed	[botpy] 关闭, 返回码: 4009, 返回信息: Session timed out
2024-09-08 19:18:05,229	[INFO]	(gateway.py:134)ws_connect	[botpy] ws关闭, 停止接收消息!
2024-09-08 19:18:10,247	[INFO]	(connection.py:60)multi_run	[botpy] 最大并发连接数: 1, 启动会话数: 1
2024-09-08 19:18:10,248	[INFO]	(client.py:242)bot_connect	[botpy] 会话启动中...
2024-09-08 19:18:10,249	[INFO]	(gateway.py:115)ws_connect	[botpy] 启动中...
2024-09-08 19:18:10,416	[INFO]	(gateway.py:175)ws_resume	[botpy] 重连启动...
2024-09-08 19:18:10,489	[INFO]	(gateway.py:90)on_message	[botpy] 机器人重连成功! 
2024-09-08 19:18:10,489	[INFO]	(gateway.py:223)_send_heart	[botpy] 心跳维持启动...
2024-09-08 19:47:50,064	[INFO]	(gateway.py:56)on_closed	[botpy] 关闭, 返回码: 4009, 返回信息: Session timed out
2024-09-08 19:47:50,064	[INFO]	(gateway.py:134)ws_connect	[botpy] ws关闭, 停止接收消息!
2024-09-08 19:47:55,087	[INFO]	(connection.py:60)multi_run	[botpy] 最大并发连接数: 1, 启动会话数: 1
2024-09-08 19:47:55,087	[INFO]	(client.py:242)bot_connect	[botpy] 会话启动中...
2024-09-08 19:47:55,088	[INFO]	(gateway.py:115)ws_connect	[botpy] 启动中...
2024-09-08 19:47:55,267	[INFO]	(gateway.py:175)ws_resume	[botpy] 重连启动...
2024-09-08 19:47:55,397	[INFO]	(gateway.py:90)on_message	[botpy] 机器人重连成功! 
2024-09-08 19:47:55,397	[INFO]	(gateway.py:223)_send_heart	[botpy] 心跳维持启动...
2024-09-08 19:48:10,280	[INFO]	(gateway.py:56)on_closed	[botpy] 关闭, 返回码: 4009, 返回信息: Session timed out
2024-09-08 19:48:10,281	[INFO]	(gateway.py:134)ws_connect	[botpy] ws关闭, 停止接收消息!
2024-09-08 19:48:15,297	[INFO]	(connection.py:60)multi_run	[botpy] 最大并发连接数: 1, 启动会话数: 1
2024-09-08 19:48:15,298	[INFO]	(client.py:242)bot_connect	[botpy] 会话启动中...
2024-09-08 19:48:15,298	[INFO]	(gateway.py:115)ws_connect	[botpy] 启动中...
2024-09-08 19:48:15,464	[INFO]	(gateway.py:175)ws_resume	[botpy] 重连启动...
2024-09-08 19:48:15,544	[INFO]	(gateway.py:90)on_message	[botpy] 机器人重连成功! 
2024-09-08 19:48:15,544	[INFO]	(gateway.py:223)_send_heart	[botpy] 心跳维持启动...
2024-09-08 20:17:55,131	[INFO]	(gateway.py:56)on_closed	[botpy] 关闭, 返回码: 4009, 返回信息: Session timed out
2024-09-08 20:17:55,134	[INFO]	(gateway.py:134)ws_connect	[botpy] ws关闭, 停止接收消息!
2024-09-08 20:18:00,134	[INFO]	(connection.py:60)multi_run	[botpy] 最大并发连接数: 1, 启动会话数: 1
2024-09-08 20:18:00,134	[INFO]	(client.py:242)bot_connect	[botpy] 会话启动中...
2024-09-08 20:18:00,135	[INFO]	(gateway.py:115)ws_connect	[botpy] 启动中...
2024-09-08 20:18:00,296	[INFO]	(gateway.py:175)ws_resume	[botpy] 重连启动...
2024-09-08 20:18:00,747	[INFO]	(robot.py:65)update_access_token	[botpy] access_token expires_in 7200
2024-09-08 20:18:00,839	[INFO]	(gateway.py:90)on_message	[botpy] 机器人重连成功! 
2024-09-08 20:18:00,840	[INFO]	(gateway.py:223)_send_heart	[botpy] 心跳维持启动...
2024-09-08 20:18:15,328	[INFO]	(gateway.py:56)on_closed	[botpy] 关闭, 返回码: 4009, 返回信息: Session timed out
2024-09-08 20:18:15,329	[INFO]	(gateway.py:134)ws_connect	[botpy] ws关闭, 停止接收消息!
2024-09-08 20:18:20,348	[INFO]	(connection.py:60)multi_run	[botpy] 最大并发连接数: 1, 启动会话数: 1
2024-09-08 20:18:20,348	[INFO]	(client.py:242)bot_connect	[botpy] 会话启动中...
2024-09-08 20:18:20,348	[INFO]	(gateway.py:115)ws_connect	[botpy] 启动中...
2024-09-08 20:18:20,498	[INFO]	(gateway.py:175)ws_resume	[botpy] 重连启动...
2024-09-08 20:18:20,709	[INFO]	(robot.py:65)update_access_token	[botpy] access_token expires_in 7180
2024-09-08 20:18:20,800	[INFO]	(gateway.py:90)on_message	[botpy] 机器人重连成功! 
2024-09-08 20:18:20,800	[INFO]	(gateway.py:223)_send_heart	[botpy] 心跳维持启动...
2024-09-08 20:48:00,163	[INFO]	(gateway.py:56)on_closed	[botpy] 关闭, 返回码: 4009, 返回信息: Session timed out
2024-09-08 20:48:00,164	[INFO]	(gateway.py:134)ws_connect	[botpy] ws关闭, 停止接收消息!
2024-09-08 20:48:05,169	[INFO]	(connection.py:60)multi_run	[botpy] 最大并发连接数: 1, 启动会话数: 1
2024-09-08 20:48:05,169	[INFO]	(client.py:242)bot_connect	[botpy] 会话启动中...
2024-09-08 20:48:05,169	[INFO]	(gateway.py:115)ws_connect	[botpy] 启动中...
2024-09-08 20:48:05,334	[INFO]	(gateway.py:175)ws_resume	[botpy] 重连启动...
2024-09-08 20:48:05,439	[INFO]	(gateway.py:90)on_message	[botpy] 机器人重连成功! 
2024-09-08 20:48:05,439	[INFO]	(gateway.py:223)_send_heart	[botpy] 心跳维持启动...
2024-09-08 20:48:20,364	[INFO]	(gateway.py:56)on_closed	[botpy] 关闭, 返回码: 4009, 返回信息: Session timed out
2024-09-08 20:48:20,366	[INFO]	(gateway.py:134)ws_connect	[botpy] ws关闭, 停止接收消息!
2024-09-08 20:48:25,374	[INFO]	(connection.py:60)multi_run	[botpy] 最大并发连接数: 1, 启动会话数: 1
2024-09-08 20:48:25,374	[INFO]	(client.py:242)bot_connect	[botpy] 会话启动中...
2024-09-08 20:48:25,375	[INFO]	(gateway.py:115)ws_connect	[botpy] 启动中...
2024-09-08 20:48:25,486	[INFO]	(gateway.py:175)ws_resume	[botpy] 重连启动...
2024-09-08 20:48:25,547	[INFO]	(gateway.py:90)on_message	[botpy] 机器人重连成功! 
2024-09-08 20:48:25,548	[INFO]	(gateway.py:223)_send_heart	[botpy] 心跳维持启动...
2024-09-08 21:18:05,201	[INFO]	(gateway.py:56)on_closed	[botpy] 关闭, 返回码: 4009, 返回信息: Session timed out
2024-09-08 21:18:05,201	[INFO]	(gateway.py:134)ws_connect	[botpy] ws关闭, 停止接收消息!
2024-09-08 21:18:10,224	[INFO]	(connection.py:60)multi_run	[botpy] 最大并发连接数: 1, 启动会话数: 1
2024-09-08 21:18:10,224	[INFO]	(client.py:242)bot_connect	[botpy] 会话启动中...
2024-09-08 21:18:10,224	[INFO]	(gateway.py:115)ws_connect	[botpy] 启动中...
2024-09-08 21:18:10,364	[INFO]	(gateway.py:175)ws_resume	[botpy] 重连启动...
2024-09-08 21:18:10,452	[INFO]	(gateway.py:90)on_message	[botpy] 机器人重连成功! 
2024-09-08 21:18:10,452	[INFO]	(gateway.py:223)_send_heart	[botpy] 心跳维持启动...
2024-09-08 21:18:25,354	[INFO]	(gateway.py:56)on_closed	[botpy] 关闭, 返回码: 4009, 返回信息: Session timed out
2024-09-08 21:18:25,355	[INFO]	(gateway.py:134)ws_connect	[botpy] ws关闭, 停止接收消息!
2024-09-08 21:18:30,361	[INFO]	(connection.py:60)multi_run	[botpy] 最大并发连接数: 1, 启动会话数: 1
2024-09-08 21:18:30,362	[INFO]	(client.py:242)bot_connect	[botpy] 会话启动中...
2024-09-08 21:18:30,363	[INFO]	(gateway.py:115)ws_connect	[botpy] 启动中...
2024-09-08 21:18:30,513	[INFO]	(gateway.py:175)ws_resume	[botpy] 重连启动...
2024-09-08 21:18:30,589	[INFO]	(gateway.py:90)on_message	[botpy] 机器人重连成功! 
2024-09-08 21:18:30,590	[INFO]	(gateway.py:223)_send_heart	[botpy] 心跳维持启动...
2024-09-08 21:48:10,230	[INFO]	(gateway.py:56)on_closed	[botpy] 关闭, 返回码: 4009, 返回信息: Session timed out
2024-09-08 21:48:10,232	[INFO]	(gateway.py:134)ws_connect	[botpy] ws关闭, 停止接收消息!
2024-09-08 21:48:15,225	[INFO]	(connection.py:60)multi_run	[botpy] 最大并发连接数: 1, 启动会话数: 1
2024-09-08 21:48:15,226	[INFO]	(client.py:242)bot_connect	[botpy] 会话启动中...
2024-09-08 21:48:15,226	[INFO]	(gateway.py:115)ws_connect	[botpy] 启动中...
2024-09-08 21:48:15,371	[INFO]	(gateway.py:175)ws_resume	[botpy] 重连启动...
2024-09-08 21:48:15,472	[INFO]	(gateway.py:90)on_message	[botpy] 机器人重连成功! 
2024-09-08 21:48:15,472	[INFO]	(gateway.py:223)_send_heart	[botpy] 心跳维持启动...
2024-09-08 21:48:30,378	[INFO]	(gateway.py:56)on_closed	[botpy] 关闭, 返回码: 4009, 返回信息: Session timed out
2024-09-08 21:48:30,379	[INFO]	(gateway.py:134)ws_connect	[botpy] ws关闭, 停止接收消息!
2024-09-08 21:48:35,392	[INFO]	(connection.py:60)multi_run	[botpy] 最大并发连接数: 1, 启动会话数: 1
2024-09-08 21:48:35,392	[INFO]	(client.py:242)bot_connect	[botpy] 会话启动中...
2024-09-08 21:48:35,392	[INFO]	(gateway.py:115)ws_connect	[botpy] 启动中...
2024-09-08 21:48:35,530	[INFO]	(gateway.py:175)ws_resume	[botpy] 重连启动...
2024-09-08 21:48:35,607	[INFO]	(gateway.py:90)on_message	[botpy] 机器人重连成功! 
2024-09-08 21:48:35,607	[INFO]	(gateway.py:223)_send_heart	[botpy] 心跳维持启动...
2024-09-08 22:18:15,237	[INFO]	(gateway.py:56)on_closed	[botpy] 关闭, 返回码: 4009, 返回信息: Session timed out
2024-09-08 22:18:15,238	[INFO]	(gateway.py:134)ws_connect	[botpy] ws关闭, 停止接收消息!
2024-09-08 22:18:20,250	[INFO]	(connection.py:60)multi_run	[botpy] 最大并发连接数: 1, 启动会话数: 1
2024-09-08 22:18:20,251	[INFO]	(client.py:242)bot_connect	[botpy] 会话启动中...
2024-09-08 22:18:20,251	[INFO]	(gateway.py:115)ws_connect	[botpy] 启动中...
2024-09-08 22:18:20,447	[INFO]	(gateway.py:175)ws_resume	[botpy] 重连启动...
2024-09-08 22:18:20,671	[INFO]	(robot.py:65)update_access_token	[botpy] access_token expires_in 7200
2024-09-08 22:18:20,759	[INFO]	(gateway.py:90)on_message	[botpy] 机器人重连成功! 
2024-09-08 22:18:20,759	[INFO]	(gateway.py:223)_send_heart	[botpy] 心跳维持启动...
2024-09-08 22:18:35,396	[INFO]	(gateway.py:56)on_closed	[botpy] 关闭, 返回码: 4009, 返回信息: Session timed out
2024-09-08 22:18:35,397	[INFO]	(gateway.py:134)ws_connect	[botpy] ws关闭, 停止接收消息!
2024-09-08 22:18:40,409	[INFO]	(connection.py:60)multi_run	[botpy] 最大并发连接数: 1, 启动会话数: 1
2024-09-08 22:18:40,409	[INFO]	(client.py:242)bot_connect	[botpy] 会话启动中...
2024-09-08 22:18:40,410	[INFO]	(gateway.py:115)ws_connect	[botpy] 启动中...
2024-09-08 22:18:40,569	[INFO]	(gateway.py:175)ws_resume	[botpy] 重连启动...
2024-09-08 22:18:40,690	[INFO]	(robot.py:65)update_access_token	[botpy] access_token expires_in 7180
2024-09-08 22:18:40,772	[INFO]	(gateway.py:90)on_message	[botpy] 机器人重连成功! 
2024-09-08 22:18:40,772	[INFO]	(gateway.py:223)_send_heart	[botpy] 心跳维持启动...
2024-09-08 22:48:20,313	[INFO]	(gateway.py:56)on_closed	[botpy] 关闭, 返回码: 4009, 返回信息: Session timed out
2024-09-08 22:48:20,316	[INFO]	(gateway.py:134)ws_connect	[botpy] ws关闭, 停止接收消息!
2024-09-08 22:48:25,314	[INFO]	(connection.py:60)multi_run	[botpy] 最大并发连接数: 1, 启动会话数: 1
2024-09-08 22:48:25,315	[INFO]	(client.py:242)bot_connect	[botpy] 会话启动中...
2024-09-08 22:48:25,315	[INFO]	(gateway.py:115)ws_connect	[botpy] 启动中...
2024-09-08 22:48:25,465	[INFO]	(gateway.py:175)ws_resume	[botpy] 重连启动...
2024-09-08 22:48:25,546	[INFO]	(gateway.py:90)on_message	[botpy] 机器人重连成功! 
2024-09-08 22:48:25,547	[INFO]	(gateway.py:223)_send_heart	[botpy] 心跳维持启动...
2024-09-08 22:48:40,435	[INFO]	(gateway.py:56)on_closed	[botpy] 关闭, 返回码: 4009, 返回信息: Session timed out
2024-09-08 22:48:40,435	[INFO]	(gateway.py:134)ws_connect	[botpy] ws关闭, 停止接收消息!
2024-09-08 22:48:45,455	[INFO]	(connection.py:60)multi_run	[botpy] 最大并发连接数: 1, 启动会话数: 1
2024-09-08 22:48:45,456	[INFO]	(client.py:242)bot_connect	[botpy] 会话启动中...
2024-09-08 22:48:45,456	[INFO]	(gateway.py:115)ws_connect	[botpy] 启动中...
2024-09-08 22:48:45,627	[INFO]	(gateway.py:175)ws_resume	[botpy] 重连启动...
2024-09-08 22:48:45,716	[INFO]	(gateway.py:90)on_message	[botpy] 机器人重连成功! 
2024-09-08 22:48:45,717	[INFO]	(gateway.py:223)_send_heart	[botpy] 心跳维持启动...
2024-09-08 23:18:27,628	[INFO]	(gateway.py:56)on_closed	[botpy] 关闭, 返回码: 4009, 返回信息: Session timed out
2024-09-08 23:18:27,628	[INFO]	(gateway.py:134)ws_connect	[botpy] ws关闭, 停止接收消息!
2024-09-08 23:18:32,641	[INFO]	(connection.py:60)multi_run	[botpy] 最大并发连接数: 1, 启动会话数: 1
2024-09-08 23:18:32,642	[INFO]	(client.py:242)bot_connect	[botpy] 会话启动中...
2024-09-08 23:18:32,642	[INFO]	(gateway.py:115)ws_connect	[botpy] 启动中...
2024-09-08 23:18:32,771	[INFO]	(gateway.py:175)ws_resume	[botpy] 重连启动...
2024-09-08 23:18:32,849	[INFO]	(gateway.py:90)on_message	[botpy] 机器人重连成功! 
2024-09-08 23:18:32,849	[INFO]	(gateway.py:223)_send_heart	[botpy] 心跳维持启动...
2024-09-08 23:18:47,791	[INFO]	(gateway.py:56)on_closed	[botpy] 关闭, 返回码: 4009, 返回信息: Session timed out
2024-09-08 23:18:47,792	[INFO]	(gateway.py:134)ws_connect	[botpy] ws关闭, 停止接收消息!
2024-09-08 23:18:52,791	[INFO]	(connection.py:60)multi_run	[botpy] 最大并发连接数: 1, 启动会话数: 1
2024-09-08 23:18:52,792	[INFO]	(client.py:242)bot_connect	[botpy] 会话启动中...
2024-09-08 23:18:52,792	[INFO]	(gateway.py:115)ws_connect	[botpy] 启动中...
2024-09-08 23:18:52,949	[INFO]	(gateway.py:175)ws_resume	[botpy] 重连启动...
2024-09-08 23:18:53,026	[INFO]	(gateway.py:90)on_message	[botpy] 机器人重连成功! 
2024-09-08 23:18:53,026	[INFO]	(gateway.py:223)_send_heart	[botpy] 心跳维持启动...
2024-09-08 23:48:32,636	[INFO]	(gateway.py:56)on_closed	[botpy] 关闭, 返回码: 4009, 返回信息: Session timed out
2024-09-08 23:48:32,636	[INFO]	(gateway.py:134)ws_connect	[botpy] ws关闭, 停止接收消息!
2024-09-08 23:48:37,644	[INFO]	(connection.py:60)multi_run	[botpy] 最大并发连接数: 1, 启动会话数: 1
2024-09-08 23:48:37,645	[INFO]	(client.py:242)bot_connect	[botpy] 会话启动中...
2024-09-08 23:48:37,645	[INFO]	(gateway.py:115)ws_connect	[botpy] 启动中...
2024-09-08 23:48:37,829	[INFO]	(gateway.py:175)ws_resume	[botpy] 重连启动...
2024-09-08 23:48:37,916	[INFO]	(gateway.py:90)on_message	[botpy] 机器人重连成功! 
2024-09-08 23:48:37,918	[INFO]	(gateway.py:223)_send_heart	[botpy] 心跳维持启动...
2024-09-08 23:48:52,814	[INFO]	(gateway.py:56)on_closed	[botpy] 关闭, 返回码: 4009, 返回信息: Session timed out
2024-09-08 23:48:52,817	[INFO]	(gateway.py:134)ws_connect	[botpy] ws关闭, 停止接收消息!
2024-09-08 23:48:57,832	[INFO]	(connection.py:60)multi_run	[botpy] 最大并发连接数: 1, 启动会话数: 1
2024-09-08 23:48:57,832	[INFO]	(client.py:242)bot_connect	[botpy] 会话启动中...
2024-09-08 23:48:57,832	[INFO]	(gateway.py:115)ws_connect	[botpy] 启动中...
2024-09-08 23:48:57,997	[INFO]	(gateway.py:175)ws_resume	[botpy] 重连启动...
2024-09-08 23:48:58,071	[INFO]	(gateway.py:90)on_message	[botpy] 机器人重连成功! 
2024-09-08 23:48:58,071	[INFO]	(gateway.py:223)_send_heart	[botpy] 心跳维持启动...
2024-09-09 00:18:37,695	[INFO]	(gateway.py:56)on_closed	[botpy] 关闭, 返回码: 4009, 返回信息: Session timed out
2024-09-09 00:18:37,695	[INFO]	(gateway.py:134)ws_connect	[botpy] ws关闭, 停止接收消息!
2024-09-09 00:18:42,693	[INFO]	(connection.py:60)multi_run	[botpy] 最大并发连接数: 1, 启动会话数: 1
2024-09-09 00:18:42,694	[INFO]	(client.py:242)bot_connect	[botpy] 会话启动中...
2024-09-09 00:18:42,694	[INFO]	(gateway.py:115)ws_connect	[botpy] 启动中...
2024-09-09 00:18:42,837	[INFO]	(gateway.py:175)ws_resume	[botpy] 重连启动...
2024-09-09 00:18:43,070	[INFO]	(robot.py:65)update_access_token	[botpy] access_token expires_in 7200
2024-09-09 00:18:43,205	[INFO]	(gateway.py:90)on_message	[botpy] 机器人重连成功! 
2024-09-09 00:18:43,206	[INFO]	(gateway.py:223)_send_heart	[botpy] 心跳维持启动...
2024-09-09 00:18:57,862	[INFO]	(gateway.py:56)on_closed	[botpy] 关闭, 返回码: 4009, 返回信息: Session timed out
2024-09-09 00:18:57,863	[INFO]	(gateway.py:134)ws_connect	[botpy] ws关闭, 停止接收消息!
2024-09-09 00:19:02,873	[INFO]	(connection.py:60)multi_run	[botpy] 最大并发连接数: 1, 启动会话数: 1
2024-09-09 00:19:02,873	[INFO]	(client.py:242)bot_connect	[botpy] 会话启动中...
2024-09-09 00:19:02,873	[INFO]	(gateway.py:115)ws_connect	[botpy] 启动中...
2024-09-09 00:19:03,024	[INFO]	(gateway.py:175)ws_resume	[botpy] 重连启动...
2024-09-09 00:19:03,138	[INFO]	(robot.py:65)update_access_token	[botpy] access_token expires_in 7180
2024-09-09 00:19:03,209	[INFO]	(gateway.py:90)on_message	[botpy] 机器人重连成功! 
2024-09-09 00:19:03,210	[INFO]	(gateway.py:223)_send_heart	[botpy] 心跳维持启动...
